The target system is: Linux -  - aarch64
The host system is: Linux - 5.15.0-125-generic - x86_64
Compiling the C compiler identification source file "CMakeCCompilerId.c" succeeded.
Compiler: /media/tru-cpu-24/500_GB/APIs/KRIK_SDKv2.8/out/sysroots/x86_64-fslcsdk-linux/usr/bin/aarch64-fslc-linux/aarch64-fslc-linux-gcc -march=armv8-a+crc+crypto;-mbranch-protection=standard;-fstack-protector-strong;-O2;-D_FORTIFY_SOURCE=2;-Wformat;-Wformat-security;-Werror=format-security;--sysroot=/media/tru-cpu-24/500_GB/APIs/KRIK_SDKv2.8/out/sysroots/armv8a-fslc-linux
Build flags: ;-O2;-pipe;-g;-feliminate-unused-debug-types;
Id flags:  

The output was:
0


Compilation of the C compiler identification source "CMakeCCompilerId.c" produced "a.out"

The C compiler identification is GNU, found in "/media/tru-cpu-24/500_GB/APIs/POE_api/api/build/CMakeFiles/3.22.3/CompilerIdC/a.out"

Compiling the CXX compiler identification source file "CMakeCXXCompilerId.cpp" succeeded.
Compiler: /media/tru-cpu-24/500_GB/APIs/KRIK_SDKv2.8/out/sysroots/x86_64-fslcsdk-linux/usr/bin/aarch64-fslc-linux/aarch64-fslc-linux-g++ -march=armv8-a+crc+crypto;-mbranch-protection=standard;-fstack-protector-strong;-O2;-D_FORTIFY_SOURCE=2;-Wformat;-Wformat-security;-Werror=format-security;--sysroot=/media/tru-cpu-24/500_GB/APIs/KRIK_SDKv2.8/out/sysroots/armv8a-fslc-linux
Build flags: ;-O2;-pipe;-g;-feliminate-unused-debug-types;
Id flags:  

The output was:
0


Compilation of the CXX compiler identification source "CMakeCXXCompilerId.cpp" produced "a.out"

The CXX compiler identification is GNU, found in "/media/tru-cpu-24/500_GB/APIs/POE_api/api/build/CMakeFiles/3.22.3/CompilerIdCXX/a.out"

Detecting C compiler ABI info compiled with the following output:
Change Dir: /media/tru-cpu-24/500_GB/APIs/POE_api/api/build/CMakeFiles/CMakeTmp

Run Build Command(s):/usr/bin/make -f Makefile cmTC_0fc60/fast && /usr/bin/make  -f CMakeFiles/cmTC_0fc60.dir/build.make CMakeFiles/cmTC_0fc60.dir/build
make[1]: Entering directory '/media/tru-cpu-24/500_GB/APIs/POE_api/api/build/CMakeFiles/CMakeTmp'
Building C object CMakeFiles/cmTC_0fc60.dir/CMakeCCompilerABI.c.o
/media/tru-cpu-24/500_GB/APIs/KRIK_SDKv2.8/out/sysroots/x86_64-fslcsdk-linux/usr/bin/aarch64-fslc-linux/aarch64-fslc-linux-gcc   -march=armv8-a+crc+crypto -mbranch-protection=standard -fstack-protector-strong  -O2 -D_FORTIFY_SOURCE=2 -Wformat -Wformat-security -Werror=format-security --sysroot=/media/tru-cpu-24/500_GB/APIs/KRIK_SDKv2.8/out/sysroots/armv8a-fslc-linux --sysroot=/media/tru-cpu-24/500_GB/APIs/KRIK_SDKv2.8/out/sysroots/armv8a-fslc-linux   -O2 -pipe -g -feliminate-unused-debug-types     -v -o CMakeFiles/cmTC_0fc60.dir/CMakeCCompilerABI.c.o -c /media/tru-cpu-24/500_GB/APIs/KRIK_SDKv2.8/out/sysroots/x86_64-fslcsdk-linux/usr/share/cmake-3.22/Modules/CMakeCCompilerABI.c
Using built-in specs.
COLLECT_GCC=/media/tru-cpu-24/500_GB/APIs/KRIK_SDKv2.8/out/sysroots/x86_64-fslcsdk-linux/usr/bin/aarch64-fslc-linux/aarch64-fslc-linux-gcc
Target: aarch64-fslc-linux
Configured with: ../../../../../../work-shared/gcc-11.4.0-r0/gcc-11.4.0/configure --build=x86_64-linux --host=x86_64-fslcsdk-linux --target=aarch64-fslc-linux --prefix=/usr/local/oe-sdk-hardcoded-buildpath/sysroots/x86_64-fslcsdk-linux/usr --exec_prefix=/usr/local/oe-sdk-hardcoded-buildpath/sysroots/x86_64-fslcsdk-linux/usr --bindir=/usr/local/oe-sdk-hardcoded-buildpath/sysroots/x86_64-fslcsdk-linux/usr/bin/aarch64-fslc-linux --sbindir=/usr/local/oe-sdk-hardcoded-buildpath/sysroots/x86_64-fslcsdk-linux/usr/bin/aarch64-fslc-linux --libexecdir=/usr/local/oe-sdk-hardcoded-buildpath/sysroots/x86_64-fslcsdk-linux/usr/libexec/aarch64-fslc-linux --datadir=/usr/local/oe-sdk-hardcoded-buildpath/sysroots/x86_64-fslcsdk-linux/usr/share --sysconfdir=/usr/local/oe-sdk-hardcoded-buildpath/sysroots/x86_64-fslcsdk-linux/etc --sharedstatedir=/usr/local/oe-sdk-hardcoded-buildpath/sysroots/x86_64-fslcsdk-linux/com --localstatedir=/usr/local/oe-sdk-hardcoded-buildpath/sysroots/x86_64-fslcsdk-linux/var --libdir=/usr/local/oe-sdk-hardcoded-buildpath/sysroots/x86_64-fslcsdk-linux/usr/lib/aarch64-fslc-linux --includedir=/usr/local/oe-sdk-hardcoded-buildpath/sysroots/x86_64-fslcsdk-linux/usr/include --oldincludedir=/usr/local/oe-sdk-hardcoded-buildpath/sysroots/x86_64-fslcsdk-linux/usr/include --infodir=/usr/local/oe-sdk-hardcoded-buildpath/sysroots/x86_64-fslcsdk-linux/usr/share/info --mandir=/usr/local/oe-sdk-hardcoded-buildpath/sysroots/x86_64-fslcsdk-linux/usr/share/man --disable-silent-rules --disable-dependency-tracking --with-libtool-sysroot=/media/tru-cpu-17/chargeNex/chargeNex/BSP/kirkstone/imx8m/CodeSetup/build_xwayland/tmp/work/x86_64-nativesdk-fslcsdk-linux/gcc-cross-canadian-aarch64/11.4.0-r0/recipe-sysroot --with-gnu-ld --enable-shared --enable-languages=c,c++ --enable-threads=posix --enable-multilib --enable-default-pie --enable-c99 --enable-long-long --enable-symvers=gnu --enable-libstdcxx-pch --program-prefix=aarch64-fslc-linux- --without-local-prefix --disable-install-libiberty --disable-libssp --enable-libitm --enable-lto --disable-bootstrap --with-system-zlib --with-linker-hash-style=gnu --enable-linker-build-id --with-ppl=no --with-cloog=no --enable-checking=release --enable-cheaders=c_global --without-isl --with-gxx-include-dir=/not/exist/usr/include/c++/11.4.0 --with-build-time-tools=/media/tru-cpu-17/chargeNex/chargeNex/BSP/kirkstone/imx8m/CodeSetup/build_xwayland/tmp/work/x86_64-nativesdk-fslcsdk-linux/gcc-cross-canadian-aarch64/11.4.0-r0/recipe-sysroot-native/usr/aarch64-fslc-linux/bin --with-sysroot=/not/exist --with-build-sysroot=/media/tru-cpu-17/chargeNex/chargeNex/BSP/kirkstone/imx8m/CodeSetup/build_xwayland/tmp/work/x86_64-nativesdk-fslcsdk-linux/gcc-cross-canadian-aarch64/11.4.0-r0/recipe-sysroot --with-plugin-ld=ld --enable-poison-system-directories --disable-static --enable-nls --with-glibc-version=2.28 --enable-initfini-array --enable-__cxa_atexit
Thread model: posix
Supported LTO compression algorithms: zlib zstd
gcc version 11.4.0 (GCC) 
COLLECT_GCC_OPTIONS='-march=armv8-a+crc+crypto' '-mbranch-protection=standard' '-fstack-protector-strong' '-O2' '-D' '_FORTIFY_SOURCE=2' '-Wformat=1' '-Wformat-security' '-Werror=format-security' '-O2' '-pipe' '-g' '-feliminate-unused-debug-types' '-v' '-o' 'CMakeFiles/cmTC_0fc60.dir/CMakeCCompilerABI.c.o' '-c' '-mlittle-endian' '-mabi=lp64' '-dumpdir' 'CMakeFiles/cmTC_0fc60.dir/'
 /media/tru-cpu-24/500_GB/APIs/KRIK_SDKv2.8/out/sysroots/x86_64-fslcsdk-linux/usr/libexec/aarch64-fslc-linux/gcc/aarch64-fslc-linux/11.4.0/cc1 -quiet -v -isysroot /media/tru-cpu-24/500_GB/APIs/KRIK_SDKv2.8/out/sysroots/armv8a-fslc-linux -D _FORTIFY_SOURCE=2 /media/tru-cpu-24/500_GB/APIs/KRIK_SDKv2.8/out/sysroots/x86_64-fslcsdk-linux/usr/share/cmake-3.22/Modules/CMakeCCompilerABI.c -quiet -dumpdir CMakeFiles/cmTC_0fc60.dir/ -dumpbase CMakeCCompilerABI.c.c -dumpbase-ext .c -march=armv8-a+crc+crypto -mbranch-protection=standard -mlittle-endian -mabi=lp64 -g -O2 -O2 -Wformat=1 -Wformat-security -Werror=format-security -version -fstack-protector-strong -feliminate-unused-debug-types -o - |
 /media/tru-cpu-24/500_GB/APIs/KRIK_SDKv2.8/out/sysroots/x86_64-fslcsdk-linux/usr/libexec/aarch64-fslc-linux/gcc/aarch64-fslc-linux/11.4.0/as -v --gdwarf-5 -EL -march=armv8-a+crc+crypto -mabi=lp64 -o CMakeFiles/cmTC_0fc60.dir/CMakeCCompilerABI.c.o
GNU assembler version 2.38 (aarch64-fslc-linux) using BFD version (GNU Binutils) 2.38.20220708
GNU C17 (GCC) version 11.4.0 (aarch64-fslc-linux)
	compiled by GNU C version 11.4.0, GMP version 6.2.1, MPFR version 4.1.1, MPC version 1.2.1, isl version none
GGC heuristics: --param ggc-min-expand=100 --param ggc-min-heapsize=131072
ignoring nonexistent directory "/media/tru-cpu-24/500_GB/APIs/KRIK_SDKv2.8/out/sysroots/armv8a-fslc-linux/usr/local/include"
ignoring nonexistent directory "/media/tru-cpu-24/500_GB/APIs/KRIK_SDKv2.8/out/sysroots/x86_64-fslcsdk-linux/usr/lib/aarch64-fslc-linux/gcc/aarch64-fslc-linux/11.4.0/../../../../../aarch64-fslc-linux/include"
#include "..." search starts here:
#include <...> search starts here:
 /media/tru-cpu-24/500_GB/APIs/KRIK_SDKv2.8/out/sysroots/x86_64-fslcsdk-linux/usr/lib/aarch64-fslc-linux/gcc/aarch64-fslc-linux/11.4.0/include
 /media/tru-cpu-24/500_GB/APIs/KRIK_SDKv2.8/out/sysroots/armv8a-fslc-linux/usr/lib/aarch64-fslc-linux/11.4.0/include
 /media/tru-cpu-24/500_GB/APIs/KRIK_SDKv2.8/out/sysroots/x86_64-fslcsdk-linux/usr/lib/aarch64-fslc-linux/gcc/aarch64-fslc-linux/11.4.0/include-fixed
 /media/tru-cpu-24/500_GB/APIs/KRIK_SDKv2.8/out/sysroots/armv8a-fslc-linux/usr/include/
End of search list.
GNU C17 (GCC) version 11.4.0 (aarch64-fslc-linux)
	compiled by GNU C version 11.4.0, GMP version 6.2.1, MPFR version 4.1.1, MPC version 1.2.1, isl version none
GGC heuristics: --param ggc-min-expand=100 --param ggc-min-heapsize=131072
Compiler executable checksum: 2e67c80b3bb371ea7b7a39f05a98df13
COMPILER_PATH=/media/tru-cpu-24/500_GB/APIs/KRIK_SDKv2.8/out/sysroots/x86_64-fslcsdk-linux/usr/libexec/aarch64-fslc-linux/gcc/aarch64-fslc-linux/11.4.0/:/media/tru-cpu-24/500_GB/APIs/KRIK_SDKv2.8/out/sysroots/x86_64-fslcsdk-linux/usr/libexec/aarch64-fslc-linux/gcc/aarch64-fslc-linux/11.4.0/:/media/tru-cpu-24/500_GB/APIs/KRIK_SDKv2.8/out/sysroots/x86_64-fslcsdk-linux/usr/libexec/aarch64-fslc-linux/gcc/aarch64-fslc-linux/:/media/tru-cpu-24/500_GB/APIs/KRIK_SDKv2.8/out/sysroots/x86_64-fslcsdk-linux/usr/lib/aarch64-fslc-linux/gcc/aarch64-fslc-linux/11.4.0/:/media/tru-cpu-24/500_GB/APIs/KRIK_SDKv2.8/out/sysroots/x86_64-fslcsdk-linux/usr/lib/aarch64-fslc-linux/gcc/aarch64-fslc-linux/
LIBRARY_PATH=/media/tru-cpu-24/500_GB/APIs/KRIK_SDKv2.8/out/sysroots/x86_64-fslcsdk-linux/usr/lib/aarch64-fslc-linux/gcc/aarch64-fslc-linux/11.4.0/:/media/tru-cpu-24/500_GB/APIs/KRIK_SDKv2.8/out/sysroots/armv8a-fslc-linux/lib/:/media/tru-cpu-24/500_GB/APIs/KRIK_SDKv2.8/out/sysroots/armv8a-fslc-linux/usr/lib/aarch64-fslc-linux/11.4.0/:/media/tru-cpu-24/500_GB/APIs/KRIK_SDKv2.8/out/sysroots/armv8a-fslc-linux/usr/lib/
COLLECT_GCC_OPTIONS='-march=armv8-a+crc+crypto' '-mbranch-protection=standard' '-fstack-protector-strong' '-O2' '-D' '_FORTIFY_SOURCE=2' '-Wformat=1' '-Wformat-security' '-Werror=format-security' '-O2' '-pipe' '-g' '-feliminate-unused-debug-types' '-v' '-o' 'CMakeFiles/cmTC_0fc60.dir/CMakeCCompilerABI.c.o' '-c' '-mlittle-endian' '-mabi=lp64' '-dumpdir' 'CMakeFiles/cmTC_0fc60.dir/CMakeCCompilerABI.c.'
Linking C executable cmTC_0fc60
/media/tru-cpu-24/500_GB/APIs/KRIK_SDKv2.8/out/sysroots/x86_64-fslcsdk-linux/usr/bin/cmake -E cmake_link_script CMakeFiles/cmTC_0fc60.dir/link.txt --verbose=1
/media/tru-cpu-24/500_GB/APIs/KRIK_SDKv2.8/out/sysroots/x86_64-fslcsdk-linux/usr/bin/aarch64-fslc-linux/aarch64-fslc-linux-gcc   -march=armv8-a+crc+crypto -mbranch-protection=standard -fstack-protector-strong  -O2 -D_FORTIFY_SOURCE=2 -Wformat -Wformat-security -Werror=format-security --sysroot=/media/tru-cpu-24/500_GB/APIs/KRIK_SDKv2.8/out/sysroots/armv8a-fslc-linux --sysroot=/media/tru-cpu-24/500_GB/APIs/KRIK_SDKv2.8/out/sysroots/armv8a-fslc-linux  -O2 -pipe -g -feliminate-unused-debug-types   -Wl,-O1 -Wl,--hash-style=gnu -Wl,--as-needed  -Wl,-z,relro,-z,now -v CMakeFiles/cmTC_0fc60.dir/CMakeCCompilerABI.c.o -o cmTC_0fc60 
Using built-in specs.
COLLECT_GCC=/media/tru-cpu-24/500_GB/APIs/KRIK_SDKv2.8/out/sysroots/x86_64-fslcsdk-linux/usr/bin/aarch64-fslc-linux/aarch64-fslc-linux-gcc
COLLECT_LTO_WRAPPER=/media/tru-cpu-24/500_GB/APIs/KRIK_SDKv2.8/out/sysroots/x86_64-fslcsdk-linux/usr/libexec/aarch64-fslc-linux/gcc/aarch64-fslc-linux/11.4.0/lto-wrapper
Target: aarch64-fslc-linux
Configured with: ../../../../../../work-shared/gcc-11.4.0-r0/gcc-11.4.0/configure --build=x86_64-linux --host=x86_64-fslcsdk-linux --target=aarch64-fslc-linux --prefix=/usr/local/oe-sdk-hardcoded-buildpath/sysroots/x86_64-fslcsdk-linux/usr --exec_prefix=/usr/local/oe-sdk-hardcoded-buildpath/sysroots/x86_64-fslcsdk-linux/usr --bindir=/usr/local/oe-sdk-hardcoded-buildpath/sysroots/x86_64-fslcsdk-linux/usr/bin/aarch64-fslc-linux --sbindir=/usr/local/oe-sdk-hardcoded-buildpath/sysroots/x86_64-fslcsdk-linux/usr/bin/aarch64-fslc-linux --libexecdir=/usr/local/oe-sdk-hardcoded-buildpath/sysroots/x86_64-fslcsdk-linux/usr/libexec/aarch64-fslc-linux --datadir=/usr/local/oe-sdk-hardcoded-buildpath/sysroots/x86_64-fslcsdk-linux/usr/share --sysconfdir=/usr/local/oe-sdk-hardcoded-buildpath/sysroots/x86_64-fslcsdk-linux/etc --sharedstatedir=/usr/local/oe-sdk-hardcoded-buildpath/sysroots/x86_64-fslcsdk-linux/com --localstatedir=/usr/local/oe-sdk-hardcoded-buildpath/sysroots/x86_64-fslcsdk-linux/var --libdir=/usr/local/oe-sdk-hardcoded-buildpath/sysroots/x86_64-fslcsdk-linux/usr/lib/aarch64-fslc-linux --includedir=/usr/local/oe-sdk-hardcoded-buildpath/sysroots/x86_64-fslcsdk-linux/usr/include --oldincludedir=/usr/local/oe-sdk-hardcoded-buildpath/sysroots/x86_64-fslcsdk-linux/usr/include --infodir=/usr/local/oe-sdk-hardcoded-buildpath/sysroots/x86_64-fslcsdk-linux/usr/share/info --mandir=/usr/local/oe-sdk-hardcoded-buildpath/sysroots/x86_64-fslcsdk-linux/usr/share/man --disable-silent-rules --disable-dependency-tracking --with-libtool-sysroot=/media/tru-cpu-17/chargeNex/chargeNex/BSP/kirkstone/imx8m/CodeSetup/build_xwayland/tmp/work/x86_64-nativesdk-fslcsdk-linux/gcc-cross-canadian-aarch64/11.4.0-r0/recipe-sysroot --with-gnu-ld --enable-shared --enable-languages=c,c++ --enable-threads=posix --enable-multilib --enable-default-pie --enable-c99 --enable-long-long --enable-symvers=gnu --enable-libstdcxx-pch --program-prefix=aarch64-fslc-linux- --without-local-prefix --disable-install-libiberty --disable-libssp --enable-libitm --enable-lto --disable-bootstrap --with-system-zlib --with-linker-hash-style=gnu --enable-linker-build-id --with-ppl=no --with-cloog=no --enable-checking=release --enable-cheaders=c_global --without-isl --with-gxx-include-dir=/not/exist/usr/include/c++/11.4.0 --with-build-time-tools=/media/tru-cpu-17/chargeNex/chargeNex/BSP/kirkstone/imx8m/CodeSetup/build_xwayland/tmp/work/x86_64-nativesdk-fslcsdk-linux/gcc-cross-canadian-aarch64/11.4.0-r0/recipe-sysroot-native/usr/aarch64-fslc-linux/bin --with-sysroot=/not/exist --with-build-sysroot=/media/tru-cpu-17/chargeNex/chargeNex/BSP/kirkstone/imx8m/CodeSetup/build_xwayland/tmp/work/x86_64-nativesdk-fslcsdk-linux/gcc-cross-canadian-aarch64/11.4.0-r0/recipe-sysroot --with-plugin-ld=ld --enable-poison-system-directories --disable-static --enable-nls --with-glibc-version=2.28 --enable-initfini-array --enable-__cxa_atexit
Thread model: posix
Supported LTO compression algorithms: zlib zstd
gcc version 11.4.0 (GCC) 
COMPILER_PATH=/media/tru-cpu-24/500_GB/APIs/KRIK_SDKv2.8/out/sysroots/x86_64-fslcsdk-linux/usr/libexec/aarch64-fslc-linux/gcc/aarch64-fslc-linux/11.4.0/:/media/tru-cpu-24/500_GB/APIs/KRIK_SDKv2.8/out/sysroots/x86_64-fslcsdk-linux/usr/libexec/aarch64-fslc-linux/gcc/aarch64-fslc-linux/11.4.0/:/media/tru-cpu-24/500_GB/APIs/KRIK_SDKv2.8/out/sysroots/x86_64-fslcsdk-linux/usr/libexec/aarch64-fslc-linux/gcc/aarch64-fslc-linux/:/media/tru-cpu-24/500_GB/APIs/KRIK_SDKv2.8/out/sysroots/x86_64-fslcsdk-linux/usr/lib/aarch64-fslc-linux/gcc/aarch64-fslc-linux/11.4.0/:/media/tru-cpu-24/500_GB/APIs/KRIK_SDKv2.8/out/sysroots/x86_64-fslcsdk-linux/usr/lib/aarch64-fslc-linux/gcc/aarch64-fslc-linux/
LIBRARY_PATH=/media/tru-cpu-24/500_GB/APIs/KRIK_SDKv2.8/out/sysroots/x86_64-fslcsdk-linux/usr/lib/aarch64-fslc-linux/gcc/aarch64-fslc-linux/11.4.0/:/media/tru-cpu-24/500_GB/APIs/KRIK_SDKv2.8/out/sysroots/armv8a-fslc-linux/lib/:/media/tru-cpu-24/500_GB/APIs/KRIK_SDKv2.8/out/sysroots/armv8a-fslc-linux/usr/lib/aarch64-fslc-linux/11.4.0/:/media/tru-cpu-24/500_GB/APIs/KRIK_SDKv2.8/out/sysroots/armv8a-fslc-linux/usr/lib/
COLLECT_GCC_OPTIONS='-march=armv8-a+crc+crypto' '-mbranch-protection=standard' '-fstack-protector-strong' '-O2' '-D' '_FORTIFY_SOURCE=2' '-Wformat=1' '-Wformat-security' '-Werror=format-security' '-O2' '-pipe' '-g' '-feliminate-unused-debug-types' '-v' '-o' 'cmTC_0fc60' '-mlittle-endian' '-mabi=lp64' '-dumpdir' 'cmTC_0fc60.'
 /media/tru-cpu-24/500_GB/APIs/KRIK_SDKv2.8/out/sysroots/x86_64-fslcsdk-linux/usr/libexec/aarch64-fslc-linux/gcc/aarch64-fslc-linux/11.4.0/collect2 -plugin /media/tru-cpu-24/500_GB/APIs/KRIK_SDKv2.8/out/sysroots/x86_64-fslcsdk-linux/usr/libexec/aarch64-fslc-linux/gcc/aarch64-fslc-linux/11.4.0/liblto_plugin.so -plugin-opt=/media/tru-cpu-24/500_GB/APIs/KRIK_SDKv2.8/out/sysroots/x86_64-fslcsdk-linux/usr/libexec/aarch64-fslc-linux/gcc/aarch64-fslc-linux/11.4.0/lto-wrapper -plugin-opt=-fresolution=/tmp/cchvjGoU.res -plugin-opt=-pass-through=-lgcc -plugin-opt=-pass-through=-lgcc_s -plugin-opt=-pass-through=-lc -plugin-opt=-pass-through=-lgcc -plugin-opt=-pass-through=-lgcc_s --sysroot=/media/tru-cpu-24/500_GB/APIs/KRIK_SDKv2.8/out/sysroots/armv8a-fslc-linux --build-id --eh-frame-hdr --hash-style=gnu -dynamic-linker /lib/ld-linux-aarch64.so.1 -X -EL -maarch64linux -pie -o cmTC_0fc60 /media/tru-cpu-24/500_GB/APIs/KRIK_SDKv2.8/out/sysroots/armv8a-fslc-linux/usr/lib/Scrt1.o /media/tru-cpu-24/500_GB/APIs/KRIK_SDKv2.8/out/sysroots/armv8a-fslc-linux/usr/lib/crti.o /media/tru-cpu-24/500_GB/APIs/KRIK_SDKv2.8/out/sysroots/armv8a-fslc-linux/usr/lib/aarch64-fslc-linux/11.4.0/crtbeginS.o -L/media/tru-cpu-24/500_GB/APIs/KRIK_SDKv2.8/out/sysroots/x86_64-fslcsdk-linux/usr/lib/aarch64-fslc-linux/gcc/aarch64-fslc-linux/11.4.0 -L/media/tru-cpu-24/500_GB/APIs/KRIK_SDKv2.8/out/sysroots/armv8a-fslc-linux/lib -L/media/tru-cpu-24/500_GB/APIs/KRIK_SDKv2.8/out/sysroots/armv8a-fslc-linux/usr/lib/aarch64-fslc-linux/11.4.0 -L/media/tru-cpu-24/500_GB/APIs/KRIK_SDKv2.8/out/sysroots/armv8a-fslc-linux/usr/lib -O1 --hash-style=gnu --as-needed -z relro -z now CMakeFiles/cmTC_0fc60.dir/CMakeCCompilerABI.c.o -lgcc --push-state --as-needed -lgcc_s --pop-state -lc -lgcc --push-state --as-needed -lgcc_s --pop-state /media/tru-cpu-24/500_GB/APIs/KRIK_SDKv2.8/out/sysroots/armv8a-fslc-linux/usr/lib/aarch64-fslc-linux/11.4.0/crtendS.o /media/tru-cpu-24/500_GB/APIs/KRIK_SDKv2.8/out/sysroots/armv8a-fslc-linux/usr/lib/crtn.o
COLLECT_GCC_OPTIONS='-march=armv8-a+crc+crypto' '-mbranch-protection=standard' '-fstack-protector-strong' '-O2' '-D' '_FORTIFY_SOURCE=2' '-Wformat=1' '-Wformat-security' '-Werror=format-security' '-O2' '-pipe' '-g' '-feliminate-unused-debug-types' '-v' '-o' 'cmTC_0fc60' '-mlittle-endian' '-mabi=lp64' '-dumpdir' 'cmTC_0fc60.'
make[1]: Leaving directory '/media/tru-cpu-24/500_GB/APIs/POE_api/api/build/CMakeFiles/CMakeTmp'



Parsed C implicit include dir info from above output: rv=done
  found start of include info
  found start of implicit include info
    add: [/media/tru-cpu-24/500_GB/APIs/KRIK_SDKv2.8/out/sysroots/x86_64-fslcsdk-linux/usr/lib/aarch64-fslc-linux/gcc/aarch64-fslc-linux/11.4.0/include]
    add: [/media/tru-cpu-24/500_GB/APIs/KRIK_SDKv2.8/out/sysroots/armv8a-fslc-linux/usr/lib/aarch64-fslc-linux/11.4.0/include]
    add: [/media/tru-cpu-24/500_GB/APIs/KRIK_SDKv2.8/out/sysroots/x86_64-fslcsdk-linux/usr/lib/aarch64-fslc-linux/gcc/aarch64-fslc-linux/11.4.0/include-fixed]
    add: [/media/tru-cpu-24/500_GB/APIs/KRIK_SDKv2.8/out/sysroots/armv8a-fslc-linux/usr/include/]
  end of search list found
  collapse include dir [/media/tru-cpu-24/500_GB/APIs/KRIK_SDKv2.8/out/sysroots/x86_64-fslcsdk-linux/usr/lib/aarch64-fslc-linux/gcc/aarch64-fslc-linux/11.4.0/include] ==> [/media/tru-cpu-24/500_GB/APIs/KRIK_SDKv2.8/out/sysroots/x86_64-fslcsdk-linux/usr/lib/aarch64-fslc-linux/gcc/aarch64-fslc-linux/11.4.0/include]
  collapse include dir [/media/tru-cpu-24/500_GB/APIs/KRIK_SDKv2.8/out/sysroots/armv8a-fslc-linux/usr/lib/aarch64-fslc-linux/11.4.0/include] ==> [/media/tru-cpu-24/500_GB/APIs/KRIK_SDKv2.8/out/sysroots/armv8a-fslc-linux/usr/lib/aarch64-fslc-linux/11.4.0/include]
  collapse include dir [/media/tru-cpu-24/500_GB/APIs/KRIK_SDKv2.8/out/sysroots/x86_64-fslcsdk-linux/usr/lib/aarch64-fslc-linux/gcc/aarch64-fslc-linux/11.4.0/include-fixed] ==> [/media/tru-cpu-24/500_GB/APIs/KRIK_SDKv2.8/out/sysroots/x86_64-fslcsdk-linux/usr/lib/aarch64-fslc-linux/gcc/aarch64-fslc-linux/11.4.0/include-fixed]
  collapse include dir [/media/tru-cpu-24/500_GB/APIs/KRIK_SDKv2.8/out/sysroots/armv8a-fslc-linux/usr/include/] ==> [/media/tru-cpu-24/500_GB/APIs/KRIK_SDKv2.8/out/sysroots/armv8a-fslc-linux/usr/include]
  implicit include dirs: [/media/tru-cpu-24/500_GB/APIs/KRIK_SDKv2.8/out/sysroots/x86_64-fslcsdk-linux/usr/lib/aarch64-fslc-linux/gcc/aarch64-fslc-linux/11.4.0/include;/media/tru-cpu-24/500_GB/APIs/KRIK_SDKv2.8/out/sysroots/armv8a-fslc-linux/usr/lib/aarch64-fslc-linux/11.4.0/include;/media/tru-cpu-24/500_GB/APIs/KRIK_SDKv2.8/out/sysroots/x86_64-fslcsdk-linux/usr/lib/aarch64-fslc-linux/gcc/aarch64-fslc-linux/11.4.0/include-fixed;/media/tru-cpu-24/500_GB/APIs/KRIK_SDKv2.8/out/sysroots/armv8a-fslc-linux/usr/include]


Parsed C implicit link information from above output:
  link line regex: [^( *|.*[/\])(aarch64-fslc-linux-ld|CMAKE_LINK_STARTFILE-NOTFOUND|([^/\]+-)?ld|collect2)[^/\]*( |$)]
  ignore line: [Change Dir: /media/tru-cpu-24/500_GB/APIs/POE_api/api/build/CMakeFiles/CMakeTmp]
  ignore line: []
  ignore line: [Run Build Command(s):/usr/bin/make -f Makefile cmTC_0fc60/fast && /usr/bin/make  -f CMakeFiles/cmTC_0fc60.dir/build.make CMakeFiles/cmTC_0fc60.dir/build]
  ignore line: [make[1]: Entering directory '/media/tru-cpu-24/500_GB/APIs/POE_api/api/build/CMakeFiles/CMakeTmp']
  ignore line: [Building C object CMakeFiles/cmTC_0fc60.dir/CMakeCCompilerABI.c.o]
  ignore line: [/media/tru-cpu-24/500_GB/APIs/KRIK_SDKv2.8/out/sysroots/x86_64-fslcsdk-linux/usr/bin/aarch64-fslc-linux/aarch64-fslc-linux-gcc   -march=armv8-a+crc+crypto -mbranch-protection=standard -fstack-protector-strong  -O2 -D_FORTIFY_SOURCE=2 -Wformat -Wformat-security -Werror=format-security --sysroot=/media/tru-cpu-24/500_GB/APIs/KRIK_SDKv2.8/out/sysroots/armv8a-fslc-linux --sysroot=/media/tru-cpu-24/500_GB/APIs/KRIK_SDKv2.8/out/sysroots/armv8a-fslc-linux   -O2 -pipe -g -feliminate-unused-debug-types     -v -o CMakeFiles/cmTC_0fc60.dir/CMakeCCompilerABI.c.o -c /media/tru-cpu-24/500_GB/APIs/KRIK_SDKv2.8/out/sysroots/x86_64-fslcsdk-linux/usr/share/cmake-3.22/Modules/CMakeCCompilerABI.c]
  ignore line: [Using built-in specs.]
  ignore line: [COLLECT_GCC=/media/tru-cpu-24/500_GB/APIs/KRIK_SDKv2.8/out/sysroots/x86_64-fslcsdk-linux/usr/bin/aarch64-fslc-linux/aarch64-fslc-linux-gcc]
  ignore line: [Target: aarch64-fslc-linux]
  ignore line: [Configured with: ../../../../../../work-shared/gcc-11.4.0-r0/gcc-11.4.0/configure --build=x86_64-linux --host=x86_64-fslcsdk-linux --target=aarch64-fslc-linux --prefix=/usr/local/oe-sdk-hardcoded-buildpath/sysroots/x86_64-fslcsdk-linux/usr --exec_prefix=/usr/local/oe-sdk-hardcoded-buildpath/sysroots/x86_64-fslcsdk-linux/usr --bindir=/usr/local/oe-sdk-hardcoded-buildpath/sysroots/x86_64-fslcsdk-linux/usr/bin/aarch64-fslc-linux --sbindir=/usr/local/oe-sdk-hardcoded-buildpath/sysroots/x86_64-fslcsdk-linux/usr/bin/aarch64-fslc-linux --libexecdir=/usr/local/oe-sdk-hardcoded-buildpath/sysroots/x86_64-fslcsdk-linux/usr/libexec/aarch64-fslc-linux --datadir=/usr/local/oe-sdk-hardcoded-buildpath/sysroots/x86_64-fslcsdk-linux/usr/share --sysconfdir=/usr/local/oe-sdk-hardcoded-buildpath/sysroots/x86_64-fslcsdk-linux/etc --sharedstatedir=/usr/local/oe-sdk-hardcoded-buildpath/sysroots/x86_64-fslcsdk-linux/com --localstatedir=/usr/local/oe-sdk-hardcoded-buildpath/sysroots/x86_64-fslcsdk-linux/var --libdir=/usr/local/oe-sdk-hardcoded-buildpath/sysroots/x86_64-fslcsdk-linux/usr/lib/aarch64-fslc-linux --includedir=/usr/local/oe-sdk-hardcoded-buildpath/sysroots/x86_64-fslcsdk-linux/usr/include --oldincludedir=/usr/local/oe-sdk-hardcoded-buildpath/sysroots/x86_64-fslcsdk-linux/usr/include --infodir=/usr/local/oe-sdk-hardcoded-buildpath/sysroots/x86_64-fslcsdk-linux/usr/share/info --mandir=/usr/local/oe-sdk-hardcoded-buildpath/sysroots/x86_64-fslcsdk-linux/usr/share/man --disable-silent-rules --disable-dependency-tracking --with-libtool-sysroot=/media/tru-cpu-17/chargeNex/chargeNex/BSP/kirkstone/imx8m/CodeSetup/build_xwayland/tmp/work/x86_64-nativesdk-fslcsdk-linux/gcc-cross-canadian-aarch64/11.4.0-r0/recipe-sysroot --with-gnu-ld --enable-shared --enable-languages=c,c++ --enable-threads=posix --enable-multilib --enable-default-pie --enable-c99 --enable-long-long --enable-symvers=gnu --enable-libstdcxx-pch --program-prefix=aarch64-fslc-linux- --without-local-prefix --disable-install-libiberty --disable-libssp --enable-libitm --enable-lto --disable-bootstrap --with-system-zlib --with-linker-hash-style=gnu --enable-linker-build-id --with-ppl=no --with-cloog=no --enable-checking=release --enable-cheaders=c_global --without-isl --with-gxx-include-dir=/not/exist/usr/include/c++/11.4.0 --with-build-time-tools=/media/tru-cpu-17/chargeNex/chargeNex/BSP/kirkstone/imx8m/CodeSetup/build_xwayland/tmp/work/x86_64-nativesdk-fslcsdk-linux/gcc-cross-canadian-aarch64/11.4.0-r0/recipe-sysroot-native/usr/aarch64-fslc-linux/bin --with-sysroot=/not/exist --with-build-sysroot=/media/tru-cpu-17/chargeNex/chargeNex/BSP/kirkstone/imx8m/CodeSetup/build_xwayland/tmp/work/x86_64-nativesdk-fslcsdk-linux/gcc-cross-canadian-aarch64/11.4.0-r0/recipe-sysroot --with-plugin-ld=ld --enable-poison-system-directories --disable-static --enable-nls --with-glibc-version=2.28 --enable-initfini-array --enable-__cxa_atexit]
  ignore line: [Thread model: posix]
  ignore line: [Supported LTO compression algorithms: zlib zstd]
  ignore line: [gcc version 11.4.0 (GCC) ]
  ignore line: [COLLECT_GCC_OPTIONS='-march=armv8-a+crc+crypto' '-mbranch-protection=standard' '-fstack-protector-strong' '-O2' '-D' '_FORTIFY_SOURCE=2' '-Wformat=1' '-Wformat-security' '-Werror=format-security' '-O2' '-pipe' '-g' '-feliminate-unused-debug-types' '-v' '-o' 'CMakeFiles/cmTC_0fc60.dir/CMakeCCompilerABI.c.o' '-c' '-mlittle-endian' '-mabi=lp64' '-dumpdir' 'CMakeFiles/cmTC_0fc60.dir/']
  ignore line: [ /media/tru-cpu-24/500_GB/APIs/KRIK_SDKv2.8/out/sysroots/x86_64-fslcsdk-linux/usr/libexec/aarch64-fslc-linux/gcc/aarch64-fslc-linux/11.4.0/cc1 -quiet -v -isysroot /media/tru-cpu-24/500_GB/APIs/KRIK_SDKv2.8/out/sysroots/armv8a-fslc-linux -D _FORTIFY_SOURCE=2 /media/tru-cpu-24/500_GB/APIs/KRIK_SDKv2.8/out/sysroots/x86_64-fslcsdk-linux/usr/share/cmake-3.22/Modules/CMakeCCompilerABI.c -quiet -dumpdir CMakeFiles/cmTC_0fc60.dir/ -dumpbase CMakeCCompilerABI.c.c -dumpbase-ext .c -march=armv8-a+crc+crypto -mbranch-protection=standard -mlittle-endian -mabi=lp64 -g -O2 -O2 -Wformat=1 -Wformat-security -Werror=format-security -version -fstack-protector-strong -feliminate-unused-debug-types -o - |]
  ignore line: [ /media/tru-cpu-24/500_GB/APIs/KRIK_SDKv2.8/out/sysroots/x86_64-fslcsdk-linux/usr/libexec/aarch64-fslc-linux/gcc/aarch64-fslc-linux/11.4.0/as -v --gdwarf-5 -EL -march=armv8-a+crc+crypto -mabi=lp64 -o CMakeFiles/cmTC_0fc60.dir/CMakeCCompilerABI.c.o]
  ignore line: [GNU assembler version 2.38 (aarch64-fslc-linux) using BFD version (GNU Binutils) 2.38.20220708]
  ignore line: [GNU C17 (GCC) version 11.4.0 (aarch64-fslc-linux)]
  ignore line: [	compiled by GNU C version 11.4.0  GMP version 6.2.1  MPFR version 4.1.1  MPC version 1.2.1  isl version none]
  ignore line: [GGC heuristics: --param ggc-min-expand=100 --param ggc-min-heapsize=131072]
  ignore line: [ignoring nonexistent directory "/media/tru-cpu-24/500_GB/APIs/KRIK_SDKv2.8/out/sysroots/armv8a-fslc-linux/usr/local/include"]
  ignore line: [ignoring nonexistent directory "/media/tru-cpu-24/500_GB/APIs/KRIK_SDKv2.8/out/sysroots/x86_64-fslcsdk-linux/usr/lib/aarch64-fslc-linux/gcc/aarch64-fslc-linux/11.4.0/../../../../../aarch64-fslc-linux/include"]
  ignore line: [#include "..." search starts here:]
  ignore line: [#include <...> search starts here:]
  ignore line: [ /media/tru-cpu-24/500_GB/APIs/KRIK_SDKv2.8/out/sysroots/x86_64-fslcsdk-linux/usr/lib/aarch64-fslc-linux/gcc/aarch64-fslc-linux/11.4.0/include]
  ignore line: [ /media/tru-cpu-24/500_GB/APIs/KRIK_SDKv2.8/out/sysroots/armv8a-fslc-linux/usr/lib/aarch64-fslc-linux/11.4.0/include]
  ignore line: [ /media/tru-cpu-24/500_GB/APIs/KRIK_SDKv2.8/out/sysroots/x86_64-fslcsdk-linux/usr/lib/aarch64-fslc-linux/gcc/aarch64-fslc-linux/11.4.0/include-fixed]
  ignore line: [ /media/tru-cpu-24/500_GB/APIs/KRIK_SDKv2.8/out/sysroots/armv8a-fslc-linux/usr/include/]
  ignore line: [End of search list.]
  ignore line: [GNU C17 (GCC) version 11.4.0 (aarch64-fslc-linux)]
  ignore line: [	compiled by GNU C version 11.4.0  GMP version 6.2.1  MPFR version 4.1.1  MPC version 1.2.1  isl version none]
  ignore line: [GGC heuristics: --param ggc-min-expand=100 --param ggc-min-heapsize=131072]
  ignore line: [Compiler executable checksum: 2e67c80b3bb371ea7b7a39f05a98df13]
  ignore line: [COMPILER_PATH=/media/tru-cpu-24/500_GB/APIs/KRIK_SDKv2.8/out/sysroots/x86_64-fslcsdk-linux/usr/libexec/aarch64-fslc-linux/gcc/aarch64-fslc-linux/11.4.0/:/media/tru-cpu-24/500_GB/APIs/KRIK_SDKv2.8/out/sysroots/x86_64-fslcsdk-linux/usr/libexec/aarch64-fslc-linux/gcc/aarch64-fslc-linux/11.4.0/:/media/tru-cpu-24/500_GB/APIs/KRIK_SDKv2.8/out/sysroots/x86_64-fslcsdk-linux/usr/libexec/aarch64-fslc-linux/gcc/aarch64-fslc-linux/:/media/tru-cpu-24/500_GB/APIs/KRIK_SDKv2.8/out/sysroots/x86_64-fslcsdk-linux/usr/lib/aarch64-fslc-linux/gcc/aarch64-fslc-linux/11.4.0/:/media/tru-cpu-24/500_GB/APIs/KRIK_SDKv2.8/out/sysroots/x86_64-fslcsdk-linux/usr/lib/aarch64-fslc-linux/gcc/aarch64-fslc-linux/]
  ignore line: [LIBRARY_PATH=/media/tru-cpu-24/500_GB/APIs/KRIK_SDKv2.8/out/sysroots/x86_64-fslcsdk-linux/usr/lib/aarch64-fslc-linux/gcc/aarch64-fslc-linux/11.4.0/:/media/tru-cpu-24/500_GB/APIs/KRIK_SDKv2.8/out/sysroots/armv8a-fslc-linux/lib/:/media/tru-cpu-24/500_GB/APIs/KRIK_SDKv2.8/out/sysroots/armv8a-fslc-linux/usr/lib/aarch64-fslc-linux/11.4.0/:/media/tru-cpu-24/500_GB/APIs/KRIK_SDKv2.8/out/sysroots/armv8a-fslc-linux/usr/lib/]
  ignore line: [COLLECT_GCC_OPTIONS='-march=armv8-a+crc+crypto' '-mbranch-protection=standard' '-fstack-protector-strong' '-O2' '-D' '_FORTIFY_SOURCE=2' '-Wformat=1' '-Wformat-security' '-Werror=format-security' '-O2' '-pipe' '-g' '-feliminate-unused-debug-types' '-v' '-o' 'CMakeFiles/cmTC_0fc60.dir/CMakeCCompilerABI.c.o' '-c' '-mlittle-endian' '-mabi=lp64' '-dumpdir' 'CMakeFiles/cmTC_0fc60.dir/CMakeCCompilerABI.c.']
  ignore line: [Linking C executable cmTC_0fc60]
  ignore line: [/media/tru-cpu-24/500_GB/APIs/KRIK_SDKv2.8/out/sysroots/x86_64-fslcsdk-linux/usr/bin/cmake -E cmake_link_script CMakeFiles/cmTC_0fc60.dir/link.txt --verbose=1]
  ignore line: [/media/tru-cpu-24/500_GB/APIs/KRIK_SDKv2.8/out/sysroots/x86_64-fslcsdk-linux/usr/bin/aarch64-fslc-linux/aarch64-fslc-linux-gcc   -march=armv8-a+crc+crypto -mbranch-protection=standard -fstack-protector-strong  -O2 -D_FORTIFY_SOURCE=2 -Wformat -Wformat-security -Werror=format-security --sysroot=/media/tru-cpu-24/500_GB/APIs/KRIK_SDKv2.8/out/sysroots/armv8a-fslc-linux --sysroot=/media/tru-cpu-24/500_GB/APIs/KRIK_SDKv2.8/out/sysroots/armv8a-fslc-linux  -O2 -pipe -g -feliminate-unused-debug-types   -Wl -O1 -Wl --hash-style=gnu -Wl --as-needed  -Wl -z relro -z now -v CMakeFiles/cmTC_0fc60.dir/CMakeCCompilerABI.c.o -o cmTC_0fc60 ]
  ignore line: [Using built-in specs.]
  ignore line: [COLLECT_GCC=/media/tru-cpu-24/500_GB/APIs/KRIK_SDKv2.8/out/sysroots/x86_64-fslcsdk-linux/usr/bin/aarch64-fslc-linux/aarch64-fslc-linux-gcc]
  ignore line: [COLLECT_LTO_WRAPPER=/media/tru-cpu-24/500_GB/APIs/KRIK_SDKv2.8/out/sysroots/x86_64-fslcsdk-linux/usr/libexec/aarch64-fslc-linux/gcc/aarch64-fslc-linux/11.4.0/lto-wrapper]
  ignore line: [Target: aarch64-fslc-linux]
  ignore line: [Configured with: ../../../../../../work-shared/gcc-11.4.0-r0/gcc-11.4.0/configure --build=x86_64-linux --host=x86_64-fslcsdk-linux --target=aarch64-fslc-linux --prefix=/usr/local/oe-sdk-hardcoded-buildpath/sysroots/x86_64-fslcsdk-linux/usr --exec_prefix=/usr/local/oe-sdk-hardcoded-buildpath/sysroots/x86_64-fslcsdk-linux/usr --bindir=/usr/local/oe-sdk-hardcoded-buildpath/sysroots/x86_64-fslcsdk-linux/usr/bin/aarch64-fslc-linux --sbindir=/usr/local/oe-sdk-hardcoded-buildpath/sysroots/x86_64-fslcsdk-linux/usr/bin/aarch64-fslc-linux --libexecdir=/usr/local/oe-sdk-hardcoded-buildpath/sysroots/x86_64-fslcsdk-linux/usr/libexec/aarch64-fslc-linux --datadir=/usr/local/oe-sdk-hardcoded-buildpath/sysroots/x86_64-fslcsdk-linux/usr/share --sysconfdir=/usr/local/oe-sdk-hardcoded-buildpath/sysroots/x86_64-fslcsdk-linux/etc --sharedstatedir=/usr/local/oe-sdk-hardcoded-buildpath/sysroots/x86_64-fslcsdk-linux/com --localstatedir=/usr/local/oe-sdk-hardcoded-buildpath/sysroots/x86_64-fslcsdk-linux/var --libdir=/usr/local/oe-sdk-hardcoded-buildpath/sysroots/x86_64-fslcsdk-linux/usr/lib/aarch64-fslc-linux --includedir=/usr/local/oe-sdk-hardcoded-buildpath/sysroots/x86_64-fslcsdk-linux/usr/include --oldincludedir=/usr/local/oe-sdk-hardcoded-buildpath/sysroots/x86_64-fslcsdk-linux/usr/include --infodir=/usr/local/oe-sdk-hardcoded-buildpath/sysroots/x86_64-fslcsdk-linux/usr/share/info --mandir=/usr/local/oe-sdk-hardcoded-buildpath/sysroots/x86_64-fslcsdk-linux/usr/share/man --disable-silent-rules --disable-dependency-tracking --with-libtool-sysroot=/media/tru-cpu-17/chargeNex/chargeNex/BSP/kirkstone/imx8m/CodeSetup/build_xwayland/tmp/work/x86_64-nativesdk-fslcsdk-linux/gcc-cross-canadian-aarch64/11.4.0-r0/recipe-sysroot --with-gnu-ld --enable-shared --enable-languages=c,c++ --enable-threads=posix --enable-multilib --enable-default-pie --enable-c99 --enable-long-long --enable-symvers=gnu --enable-libstdcxx-pch --program-prefix=aarch64-fslc-linux- --without-local-prefix --disable-install-libiberty --disable-libssp --enable-libitm --enable-lto --disable-bootstrap --with-system-zlib --with-linker-hash-style=gnu --enable-linker-build-id --with-ppl=no --with-cloog=no --enable-checking=release --enable-cheaders=c_global --without-isl --with-gxx-include-dir=/not/exist/usr/include/c++/11.4.0 --with-build-time-tools=/media/tru-cpu-17/chargeNex/chargeNex/BSP/kirkstone/imx8m/CodeSetup/build_xwayland/tmp/work/x86_64-nativesdk-fslcsdk-linux/gcc-cross-canadian-aarch64/11.4.0-r0/recipe-sysroot-native/usr/aarch64-fslc-linux/bin --with-sysroot=/not/exist --with-build-sysroot=/media/tru-cpu-17/chargeNex/chargeNex/BSP/kirkstone/imx8m/CodeSetup/build_xwayland/tmp/work/x86_64-nativesdk-fslcsdk-linux/gcc-cross-canadian-aarch64/11.4.0-r0/recipe-sysroot --with-plugin-ld=ld --enable-poison-system-directories --disable-static --enable-nls --with-glibc-version=2.28 --enable-initfini-array --enable-__cxa_atexit]
  ignore line: [Thread model: posix]
  ignore line: [Supported LTO compression algorithms: zlib zstd]
  ignore line: [gcc version 11.4.0 (GCC) ]
  ignore line: [COMPILER_PATH=/media/tru-cpu-24/500_GB/APIs/KRIK_SDKv2.8/out/sysroots/x86_64-fslcsdk-linux/usr/libexec/aarch64-fslc-linux/gcc/aarch64-fslc-linux/11.4.0/:/media/tru-cpu-24/500_GB/APIs/KRIK_SDKv2.8/out/sysroots/x86_64-fslcsdk-linux/usr/libexec/aarch64-fslc-linux/gcc/aarch64-fslc-linux/11.4.0/:/media/tru-cpu-24/500_GB/APIs/KRIK_SDKv2.8/out/sysroots/x86_64-fslcsdk-linux/usr/libexec/aarch64-fslc-linux/gcc/aarch64-fslc-linux/:/media/tru-cpu-24/500_GB/APIs/KRIK_SDKv2.8/out/sysroots/x86_64-fslcsdk-linux/usr/lib/aarch64-fslc-linux/gcc/aarch64-fslc-linux/11.4.0/:/media/tru-cpu-24/500_GB/APIs/KRIK_SDKv2.8/out/sysroots/x86_64-fslcsdk-linux/usr/lib/aarch64-fslc-linux/gcc/aarch64-fslc-linux/]
  ignore line: [LIBRARY_PATH=/media/tru-cpu-24/500_GB/APIs/KRIK_SDKv2.8/out/sysroots/x86_64-fslcsdk-linux/usr/lib/aarch64-fslc-linux/gcc/aarch64-fslc-linux/11.4.0/:/media/tru-cpu-24/500_GB/APIs/KRIK_SDKv2.8/out/sysroots/armv8a-fslc-linux/lib/:/media/tru-cpu-24/500_GB/APIs/KRIK_SDKv2.8/out/sysroots/armv8a-fslc-linux/usr/lib/aarch64-fslc-linux/11.4.0/:/media/tru-cpu-24/500_GB/APIs/KRIK_SDKv2.8/out/sysroots/armv8a-fslc-linux/usr/lib/]
  ignore line: [COLLECT_GCC_OPTIONS='-march=armv8-a+crc+crypto' '-mbranch-protection=standard' '-fstack-protector-strong' '-O2' '-D' '_FORTIFY_SOURCE=2' '-Wformat=1' '-Wformat-security' '-Werror=format-security' '-O2' '-pipe' '-g' '-feliminate-unused-debug-types' '-v' '-o' 'cmTC_0fc60' '-mlittle-endian' '-mabi=lp64' '-dumpdir' 'cmTC_0fc60.']
  link line: [ /media/tru-cpu-24/500_GB/APIs/KRIK_SDKv2.8/out/sysroots/x86_64-fslcsdk-linux/usr/libexec/aarch64-fslc-linux/gcc/aarch64-fslc-linux/11.4.0/collect2 -plugin /media/tru-cpu-24/500_GB/APIs/KRIK_SDKv2.8/out/sysroots/x86_64-fslcsdk-linux/usr/libexec/aarch64-fslc-linux/gcc/aarch64-fslc-linux/11.4.0/liblto_plugin.so -plugin-opt=/media/tru-cpu-24/500_GB/APIs/KRIK_SDKv2.8/out/sysroots/x86_64-fslcsdk-linux/usr/libexec/aarch64-fslc-linux/gcc/aarch64-fslc-linux/11.4.0/lto-wrapper -plugin-opt=-fresolution=/tmp/cchvjGoU.res -plugin-opt=-pass-through=-lgcc -plugin-opt=-pass-through=-lgcc_s -plugin-opt=-pass-through=-lc -plugin-opt=-pass-through=-lgcc -plugin-opt=-pass-through=-lgcc_s --sysroot=/media/tru-cpu-24/500_GB/APIs/KRIK_SDKv2.8/out/sysroots/armv8a-fslc-linux --build-id --eh-frame-hdr --hash-style=gnu -dynamic-linker /lib/ld-linux-aarch64.so.1 -X -EL -maarch64linux -pie -o cmTC_0fc60 /media/tru-cpu-24/500_GB/APIs/KRIK_SDKv2.8/out/sysroots/armv8a-fslc-linux/usr/lib/Scrt1.o /media/tru-cpu-24/500_GB/APIs/KRIK_SDKv2.8/out/sysroots/armv8a-fslc-linux/usr/lib/crti.o /media/tru-cpu-24/500_GB/APIs/KRIK_SDKv2.8/out/sysroots/armv8a-fslc-linux/usr/lib/aarch64-fslc-linux/11.4.0/crtbeginS.o -L/media/tru-cpu-24/500_GB/APIs/KRIK_SDKv2.8/out/sysroots/x86_64-fslcsdk-linux/usr/lib/aarch64-fslc-linux/gcc/aarch64-fslc-linux/11.4.0 -L/media/tru-cpu-24/500_GB/APIs/KRIK_SDKv2.8/out/sysroots/armv8a-fslc-linux/lib -L/media/tru-cpu-24/500_GB/APIs/KRIK_SDKv2.8/out/sysroots/armv8a-fslc-linux/usr/lib/aarch64-fslc-linux/11.4.0 -L/media/tru-cpu-24/500_GB/APIs/KRIK_SDKv2.8/out/sysroots/armv8a-fslc-linux/usr/lib -O1 --hash-style=gnu --as-needed -z relro -z now CMakeFiles/cmTC_0fc60.dir/CMakeCCompilerABI.c.o -lgcc --push-state --as-needed -lgcc_s --pop-state -lc -lgcc --push-state --as-needed -lgcc_s --pop-state /media/tru-cpu-24/500_GB/APIs/KRIK_SDKv2.8/out/sysroots/armv8a-fslc-linux/usr/lib/aarch64-fslc-linux/11.4.0/crtendS.o /media/tru-cpu-24/500_GB/APIs/KRIK_SDKv2.8/out/sysroots/armv8a-fslc-linux/usr/lib/crtn.o]
    arg [/media/tru-cpu-24/500_GB/APIs/KRIK_SDKv2.8/out/sysroots/x86_64-fslcsdk-linux/usr/libexec/aarch64-fslc-linux/gcc/aarch64-fslc-linux/11.4.0/collect2] ==> ignore
    arg [-plugin] ==> ignore
    arg [/media/tru-cpu-24/500_GB/APIs/KRIK_SDKv2.8/out/sysroots/x86_64-fslcsdk-linux/usr/libexec/aarch64-fslc-linux/gcc/aarch64-fslc-linux/11.4.0/liblto_plugin.so] ==> ignore
    arg [-plugin-opt=/media/tru-cpu-24/500_GB/APIs/KRIK_SDKv2.8/out/sysroots/x86_64-fslcsdk-linux/usr/libexec/aarch64-fslc-linux/gcc/aarch64-fslc-linux/11.4.0/lto-wrapper] ==> ignore
    arg [-plugin-opt=-fresolution=/tmp/cchvjGoU.res] ==> ignore
    arg [-plugin-opt=-pass-through=-lgcc] ==> ignore
    arg [-plugin-opt=-pass-through=-lgcc_s] ==> ignore
    arg [-plugin-opt=-pass-through=-lc] ==> ignore
    arg [-plugin-opt=-pass-through=-lgcc] ==> ignore
    arg [-plugin-opt=-pass-through=-lgcc_s] ==> ignore
    arg [--sysroot=/media/tru-cpu-24/500_GB/APIs/KRIK_SDKv2.8/out/sysroots/armv8a-fslc-linux] ==> ignore
    arg [--build-id] ==> ignore
    arg [--eh-frame-hdr] ==> ignore
    arg [--hash-style=gnu] ==> ignore
    arg [-dynamic-linker] ==> ignore
    arg [/lib/ld-linux-aarch64.so.1] ==> ignore
    arg [-X] ==> ignore
    arg [-EL] ==> ignore
    arg [-maarch64linux] ==> ignore
    arg [-pie] ==> ignore
    arg [-o] ==> ignore
    arg [cmTC_0fc60] ==> ignore
    arg [/media/tru-cpu-24/500_GB/APIs/KRIK_SDKv2.8/out/sysroots/armv8a-fslc-linux/usr/lib/Scrt1.o] ==> obj [/media/tru-cpu-24/500_GB/APIs/KRIK_SDKv2.8/out/sysroots/armv8a-fslc-linux/usr/lib/Scrt1.o]
    arg [/media/tru-cpu-24/500_GB/APIs/KRIK_SDKv2.8/out/sysroots/armv8a-fslc-linux/usr/lib/crti.o] ==> obj [/media/tru-cpu-24/500_GB/APIs/KRIK_SDKv2.8/out/sysroots/armv8a-fslc-linux/usr/lib/crti.o]
    arg [/media/tru-cpu-24/500_GB/APIs/KRIK_SDKv2.8/out/sysroots/armv8a-fslc-linux/usr/lib/aarch64-fslc-linux/11.4.0/crtbeginS.o] ==> obj [/media/tru-cpu-24/500_GB/APIs/KRIK_SDKv2.8/out/sysroots/armv8a-fslc-linux/usr/lib/aarch64-fslc-linux/11.4.0/crtbeginS.o]
    arg [-L/media/tru-cpu-24/500_GB/APIs/KRIK_SDKv2.8/out/sysroots/x86_64-fslcsdk-linux/usr/lib/aarch64-fslc-linux/gcc/aarch64-fslc-linux/11.4.0] ==> dir [/media/tru-cpu-24/500_GB/APIs/KRIK_SDKv2.8/out/sysroots/x86_64-fslcsdk-linux/usr/lib/aarch64-fslc-linux/gcc/aarch64-fslc-linux/11.4.0]
    arg [-L/media/tru-cpu-24/500_GB/APIs/KRIK_SDKv2.8/out/sysroots/armv8a-fslc-linux/lib] ==> dir [/media/tru-cpu-24/500_GB/APIs/KRIK_SDKv2.8/out/sysroots/armv8a-fslc-linux/lib]
    arg [-L/media/tru-cpu-24/500_GB/APIs/KRIK_SDKv2.8/out/sysroots/armv8a-fslc-linux/usr/lib/aarch64-fslc-linux/11.4.0] ==> dir [/media/tru-cpu-24/500_GB/APIs/KRIK_SDKv2.8/out/sysroots/armv8a-fslc-linux/usr/lib/aarch64-fslc-linux/11.4.0]
    arg [-L/media/tru-cpu-24/500_GB/APIs/KRIK_SDKv2.8/out/sysroots/armv8a-fslc-linux/usr/lib] ==> dir [/media/tru-cpu-24/500_GB/APIs/KRIK_SDKv2.8/out/sysroots/armv8a-fslc-linux/usr/lib]
    arg [-O1] ==> ignore
    arg [--hash-style=gnu] ==> ignore
    arg [--as-needed] ==> ignore
    arg [-zrelro] ==> ignore
    arg [-znow] ==> ignore
    arg [CMakeFiles/cmTC_0fc60.dir/CMakeCCompilerABI.c.o] ==> ignore
    arg [-lgcc] ==> lib [gcc]
    arg [--push-state] ==> ignore
    arg [--as-needed] ==> ignore
    arg [-lgcc_s] ==> lib [gcc_s]
    arg [--pop-state] ==> ignore
    arg [-lc] ==> lib [c]
    arg [-lgcc] ==> lib [gcc]
    arg [--push-state] ==> ignore
    arg [--as-needed] ==> ignore
    arg [-lgcc_s] ==> lib [gcc_s]
    arg [--pop-state] ==> ignore
    arg [/media/tru-cpu-24/500_GB/APIs/KRIK_SDKv2.8/out/sysroots/armv8a-fslc-linux/usr/lib/aarch64-fslc-linux/11.4.0/crtendS.o] ==> obj [/media/tru-cpu-24/500_GB/APIs/KRIK_SDKv2.8/out/sysroots/armv8a-fslc-linux/usr/lib/aarch64-fslc-linux/11.4.0/crtendS.o]
    arg [/media/tru-cpu-24/500_GB/APIs/KRIK_SDKv2.8/out/sysroots/armv8a-fslc-linux/usr/lib/crtn.o] ==> obj [/media/tru-cpu-24/500_GB/APIs/KRIK_SDKv2.8/out/sysroots/armv8a-fslc-linux/usr/lib/crtn.o]
  collapse library dir [/media/tru-cpu-24/500_GB/APIs/KRIK_SDKv2.8/out/sysroots/x86_64-fslcsdk-linux/usr/lib/aarch64-fslc-linux/gcc/aarch64-fslc-linux/11.4.0] ==> [/media/tru-cpu-24/500_GB/APIs/KRIK_SDKv2.8/out/sysroots/x86_64-fslcsdk-linux/usr/lib/aarch64-fslc-linux/gcc/aarch64-fslc-linux/11.4.0]
  collapse library dir [/media/tru-cpu-24/500_GB/APIs/KRIK_SDKv2.8/out/sysroots/armv8a-fslc-linux/lib] ==> [/media/tru-cpu-24/500_GB/APIs/KRIK_SDKv2.8/out/sysroots/armv8a-fslc-linux/lib]
  collapse library dir [/media/tru-cpu-24/500_GB/APIs/KRIK_SDKv2.8/out/sysroots/armv8a-fslc-linux/usr/lib/aarch64-fslc-linux/11.4.0] ==> [/media/tru-cpu-24/500_GB/APIs/KRIK_SDKv2.8/out/sysroots/armv8a-fslc-linux/usr/lib/aarch64-fslc-linux/11.4.0]
  collapse library dir [/media/tru-cpu-24/500_GB/APIs/KRIK_SDKv2.8/out/sysroots/armv8a-fslc-linux/usr/lib] ==> [/media/tru-cpu-24/500_GB/APIs/KRIK_SDKv2.8/out/sysroots/armv8a-fslc-linux/usr/lib]
  implicit libs: [gcc;gcc_s;c;gcc;gcc_s]
  implicit objs: [/media/tru-cpu-24/500_GB/APIs/KRIK_SDKv2.8/out/sysroots/armv8a-fslc-linux/usr/lib/Scrt1.o;/media/tru-cpu-24/500_GB/APIs/KRIK_SDKv2.8/out/sysroots/armv8a-fslc-linux/usr/lib/crti.o;/media/tru-cpu-24/500_GB/APIs/KRIK_SDKv2.8/out/sysroots/armv8a-fslc-linux/usr/lib/aarch64-fslc-linux/11.4.0/crtbeginS.o;/media/tru-cpu-24/500_GB/APIs/KRIK_SDKv2.8/out/sysroots/armv8a-fslc-linux/usr/lib/aarch64-fslc-linux/11.4.0/crtendS.o;/media/tru-cpu-24/500_GB/APIs/KRIK_SDKv2.8/out/sysroots/armv8a-fslc-linux/usr/lib/crtn.o]
  implicit dirs: [/media/tru-cpu-24/500_GB/APIs/KRIK_SDKv2.8/out/sysroots/x86_64-fslcsdk-linux/usr/lib/aarch64-fslc-linux/gcc/aarch64-fslc-linux/11.4.0;/media/tru-cpu-24/500_GB/APIs/KRIK_SDKv2.8/out/sysroots/armv8a-fslc-linux/lib;/media/tru-cpu-24/500_GB/APIs/KRIK_SDKv2.8/out/sysroots/armv8a-fslc-linux/usr/lib/aarch64-fslc-linux/11.4.0;/media/tru-cpu-24/500_GB/APIs/KRIK_SDKv2.8/out/sysroots/armv8a-fslc-linux/usr/lib]
  implicit fwks: []


Detecting CXX compiler ABI info compiled with the following output:
Change Dir: /media/tru-cpu-24/500_GB/APIs/POE_api/api/build/CMakeFiles/CMakeTmp

Run Build Command(s):/usr/bin/make -f Makefile cmTC_ed6fa/fast && /usr/bin/make  -f CMakeFiles/cmTC_ed6fa.dir/build.make CMakeFiles/cmTC_ed6fa.dir/build
make[1]: Entering directory '/media/tru-cpu-24/500_GB/APIs/POE_api/api/build/CMakeFiles/CMakeTmp'
Building CXX object CMakeFiles/cmTC_ed6fa.dir/CMakeCXXCompilerABI.cpp.o
/media/tru-cpu-24/500_GB/APIs/KRIK_SDKv2.8/out/sysroots/x86_64-fslcsdk-linux/usr/bin/aarch64-fslc-linux/aarch64-fslc-linux-g++   -march=armv8-a+crc+crypto -mbranch-protection=standard -fstack-protector-strong  -O2 -D_FORTIFY_SOURCE=2 -Wformat -Wformat-security -Werror=format-security --sysroot=/media/tru-cpu-24/500_GB/APIs/KRIK_SDKv2.8/out/sysroots/armv8a-fslc-linux --sysroot=/media/tru-cpu-24/500_GB/APIs/KRIK_SDKv2.8/out/sysroots/armv8a-fslc-linux   -O2 -pipe -g -feliminate-unused-debug-types     -v -o CMakeFiles/cmTC_ed6fa.dir/CMakeCXXCompilerABI.cpp.o -c /media/tru-cpu-24/500_GB/APIs/KRIK_SDKv2.8/out/sysroots/x86_64-fslcsdk-linux/usr/share/cmake-3.22/Modules/CMakeCXXCompilerABI.cpp
Using built-in specs.
COLLECT_GCC=/media/tru-cpu-24/500_GB/APIs/KRIK_SDKv2.8/out/sysroots/x86_64-fslcsdk-linux/usr/bin/aarch64-fslc-linux/aarch64-fslc-linux-g++
Target: aarch64-fslc-linux
Configured with: ../../../../../../work-shared/gcc-11.4.0-r0/gcc-11.4.0/configure --build=x86_64-linux --host=x86_64-fslcsdk-linux --target=aarch64-fslc-linux --prefix=/usr/local/oe-sdk-hardcoded-buildpath/sysroots/x86_64-fslcsdk-linux/usr --exec_prefix=/usr/local/oe-sdk-hardcoded-buildpath/sysroots/x86_64-fslcsdk-linux/usr --bindir=/usr/local/oe-sdk-hardcoded-buildpath/sysroots/x86_64-fslcsdk-linux/usr/bin/aarch64-fslc-linux --sbindir=/usr/local/oe-sdk-hardcoded-buildpath/sysroots/x86_64-fslcsdk-linux/usr/bin/aarch64-fslc-linux --libexecdir=/usr/local/oe-sdk-hardcoded-buildpath/sysroots/x86_64-fslcsdk-linux/usr/libexec/aarch64-fslc-linux --datadir=/usr/local/oe-sdk-hardcoded-buildpath/sysroots/x86_64-fslcsdk-linux/usr/share --sysconfdir=/usr/local/oe-sdk-hardcoded-buildpath/sysroots/x86_64-fslcsdk-linux/etc --sharedstatedir=/usr/local/oe-sdk-hardcoded-buildpath/sysroots/x86_64-fslcsdk-linux/com --localstatedir=/usr/local/oe-sdk-hardcoded-buildpath/sysroots/x86_64-fslcsdk-linux/var --libdir=/usr/local/oe-sdk-hardcoded-buildpath/sysroots/x86_64-fslcsdk-linux/usr/lib/aarch64-fslc-linux --includedir=/usr/local/oe-sdk-hardcoded-buildpath/sysroots/x86_64-fslcsdk-linux/usr/include --oldincludedir=/usr/local/oe-sdk-hardcoded-buildpath/sysroots/x86_64-fslcsdk-linux/usr/include --infodir=/usr/local/oe-sdk-hardcoded-buildpath/sysroots/x86_64-fslcsdk-linux/usr/share/info --mandir=/usr/local/oe-sdk-hardcoded-buildpath/sysroots/x86_64-fslcsdk-linux/usr/share/man --disable-silent-rules --disable-dependency-tracking --with-libtool-sysroot=/media/tru-cpu-17/chargeNex/chargeNex/BSP/kirkstone/imx8m/CodeSetup/build_xwayland/tmp/work/x86_64-nativesdk-fslcsdk-linux/gcc-cross-canadian-aarch64/11.4.0-r0/recipe-sysroot --with-gnu-ld --enable-shared --enable-languages=c,c++ --enable-threads=posix --enable-multilib --enable-default-pie --enable-c99 --enable-long-long --enable-symvers=gnu --enable-libstdcxx-pch --program-prefix=aarch64-fslc-linux- --without-local-prefix --disable-install-libiberty --disable-libssp --enable-libitm --enable-lto --disable-bootstrap --with-system-zlib --with-linker-hash-style=gnu --enable-linker-build-id --with-ppl=no --with-cloog=no --enable-checking=release --enable-cheaders=c_global --without-isl --with-gxx-include-dir=/not/exist/usr/include/c++/11.4.0 --with-build-time-tools=/media/tru-cpu-17/chargeNex/chargeNex/BSP/kirkstone/imx8m/CodeSetup/build_xwayland/tmp/work/x86_64-nativesdk-fslcsdk-linux/gcc-cross-canadian-aarch64/11.4.0-r0/recipe-sysroot-native/usr/aarch64-fslc-linux/bin --with-sysroot=/not/exist --with-build-sysroot=/media/tru-cpu-17/chargeNex/chargeNex/BSP/kirkstone/imx8m/CodeSetup/build_xwayland/tmp/work/x86_64-nativesdk-fslcsdk-linux/gcc-cross-canadian-aarch64/11.4.0-r0/recipe-sysroot --with-plugin-ld=ld --enable-poison-system-directories --disable-static --enable-nls --with-glibc-version=2.28 --enable-initfini-array --enable-__cxa_atexit
Thread model: posix
Supported LTO compression algorithms: zlib zstd
gcc version 11.4.0 (GCC) 
COLLECT_GCC_OPTIONS='-march=armv8-a+crc+crypto' '-mbranch-protection=standard' '-fstack-protector-strong' '-O2' '-D' '_FORTIFY_SOURCE=2' '-Wformat=1' '-Wformat-security' '-Werror=format-security' '-O2' '-pipe' '-g' '-feliminate-unused-debug-types' '-v' '-o' 'CMakeFiles/cmTC_ed6fa.dir/CMakeCXXCompilerABI.cpp.o' '-c' '-shared-libgcc' '-mlittle-endian' '-mabi=lp64' '-dumpdir' 'CMakeFiles/cmTC_ed6fa.dir/'
 /media/tru-cpu-24/500_GB/APIs/KRIK_SDKv2.8/out/sysroots/x86_64-fslcsdk-linux/usr/libexec/aarch64-fslc-linux/gcc/aarch64-fslc-linux/11.4.0/cc1plus -quiet -v -isysroot /media/tru-cpu-24/500_GB/APIs/KRIK_SDKv2.8/out/sysroots/armv8a-fslc-linux -D_GNU_SOURCE -D _FORTIFY_SOURCE=2 /media/tru-cpu-24/500_GB/APIs/KRIK_SDKv2.8/out/sysroots/x86_64-fslcsdk-linux/usr/share/cmake-3.22/Modules/CMakeCXXCompilerABI.cpp -quiet -dumpdir CMakeFiles/cmTC_ed6fa.dir/ -dumpbase CMakeCXXCompilerABI.cpp.cpp -dumpbase-ext .cpp -march=armv8-a+crc+crypto -mbranch-protection=standard -mlittle-endian -mabi=lp64 -g -O2 -O2 -Wformat=1 -Wformat-security -Werror=format-security -version -fstack-protector-strong -feliminate-unused-debug-types -o - |
 /media/tru-cpu-24/500_GB/APIs/KRIK_SDKv2.8/out/sysroots/x86_64-fslcsdk-linux/usr/libexec/aarch64-fslc-linux/gcc/aarch64-fslc-linux/11.4.0/as -v --gdwarf-5 -EL -march=armv8-a+crc+crypto -mabi=lp64 -o CMakeFiles/cmTC_ed6fa.dir/CMakeCXXCompilerABI.cpp.o
GNU assembler version 2.38 (aarch64-fslc-linux) using BFD version (GNU Binutils) 2.38.20220708
GNU C++17 (GCC) version 11.4.0 (aarch64-fslc-linux)
	compiled by GNU C version 11.4.0, GMP version 6.2.1, MPFR version 4.1.1, MPC version 1.2.1, isl version none
GGC heuristics: --param ggc-min-expand=100 --param ggc-min-heapsize=131072
ignoring nonexistent directory "/media/tru-cpu-24/500_GB/APIs/KRIK_SDKv2.8/out/sysroots/armv8a-fslc-linux/usr/local/include"
ignoring nonexistent directory "/media/tru-cpu-24/500_GB/APIs/KRIK_SDKv2.8/out/sysroots/x86_64-fslcsdk-linux/usr/lib/aarch64-fslc-linux/gcc/aarch64-fslc-linux/11.4.0/../../../../../aarch64-fslc-linux/include"
#include "..." search starts here:
#include <...> search starts here:
 /media/tru-cpu-24/500_GB/APIs/KRIK_SDKv2.8/out/sysroots/armv8a-fslc-linux/usr/include/c++/11.4.0
 /media/tru-cpu-24/500_GB/APIs/KRIK_SDKv2.8/out/sysroots/armv8a-fslc-linux/usr/include/c++/11.4.0/aarch64-fslc-linux
 /media/tru-cpu-24/500_GB/APIs/KRIK_SDKv2.8/out/sysroots/armv8a-fslc-linux/usr/include/c++/11.4.0/backward
 /media/tru-cpu-24/500_GB/APIs/KRIK_SDKv2.8/out/sysroots/x86_64-fslcsdk-linux/usr/lib/aarch64-fslc-linux/gcc/aarch64-fslc-linux/11.4.0/include
 /media/tru-cpu-24/500_GB/APIs/KRIK_SDKv2.8/out/sysroots/armv8a-fslc-linux/usr/lib/aarch64-fslc-linux/11.4.0/include
 /media/tru-cpu-24/500_GB/APIs/KRIK_SDKv2.8/out/sysroots/x86_64-fslcsdk-linux/usr/lib/aarch64-fslc-linux/gcc/aarch64-fslc-linux/11.4.0/include-fixed
 /media/tru-cpu-24/500_GB/APIs/KRIK_SDKv2.8/out/sysroots/armv8a-fslc-linux/usr/include/
End of search list.
GNU C++17 (GCC) version 11.4.0 (aarch64-fslc-linux)
	compiled by GNU C version 11.4.0, GMP version 6.2.1, MPFR version 4.1.1, MPC version 1.2.1, isl version none
GGC heuristics: --param ggc-min-expand=100 --param ggc-min-heapsize=131072
Compiler executable checksum: 02588595c9931c0e5c860c4d40fe5b8c
COMPILER_PATH=/media/tru-cpu-24/500_GB/APIs/KRIK_SDKv2.8/out/sysroots/x86_64-fslcsdk-linux/usr/libexec/aarch64-fslc-linux/gcc/aarch64-fslc-linux/11.4.0/:/media/tru-cpu-24/500_GB/APIs/KRIK_SDKv2.8/out/sysroots/x86_64-fslcsdk-linux/usr/libexec/aarch64-fslc-linux/gcc/aarch64-fslc-linux/11.4.0/:/media/tru-cpu-24/500_GB/APIs/KRIK_SDKv2.8/out/sysroots/x86_64-fslcsdk-linux/usr/libexec/aarch64-fslc-linux/gcc/aarch64-fslc-linux/:/media/tru-cpu-24/500_GB/APIs/KRIK_SDKv2.8/out/sysroots/x86_64-fslcsdk-linux/usr/lib/aarch64-fslc-linux/gcc/aarch64-fslc-linux/11.4.0/:/media/tru-cpu-24/500_GB/APIs/KRIK_SDKv2.8/out/sysroots/x86_64-fslcsdk-linux/usr/lib/aarch64-fslc-linux/gcc/aarch64-fslc-linux/
LIBRARY_PATH=/media/tru-cpu-24/500_GB/APIs/KRIK_SDKv2.8/out/sysroots/x86_64-fslcsdk-linux/usr/lib/aarch64-fslc-linux/gcc/aarch64-fslc-linux/11.4.0/:/media/tru-cpu-24/500_GB/APIs/KRIK_SDKv2.8/out/sysroots/armv8a-fslc-linux/lib/:/media/tru-cpu-24/500_GB/APIs/KRIK_SDKv2.8/out/sysroots/armv8a-fslc-linux/usr/lib/aarch64-fslc-linux/11.4.0/:/media/tru-cpu-24/500_GB/APIs/KRIK_SDKv2.8/out/sysroots/armv8a-fslc-linux/usr/lib/
COLLECT_GCC_OPTIONS='-march=armv8-a+crc+crypto' '-mbranch-protection=standard' '-fstack-protector-strong' '-O2' '-D' '_FORTIFY_SOURCE=2' '-Wformat=1' '-Wformat-security' '-Werror=format-security' '-O2' '-pipe' '-g' '-feliminate-unused-debug-types' '-v' '-o' 'CMakeFiles/cmTC_ed6fa.dir/CMakeCXXCompilerABI.cpp.o' '-c' '-shared-libgcc' '-mlittle-endian' '-mabi=lp64' '-dumpdir' 'CMakeFiles/cmTC_ed6fa.dir/CMakeCXXCompilerABI.cpp.'
Linking CXX executable cmTC_ed6fa
/media/tru-cpu-24/500_GB/APIs/KRIK_SDKv2.8/out/sysroots/x86_64-fslcsdk-linux/usr/bin/cmake -E cmake_link_script CMakeFiles/cmTC_ed6fa.dir/link.txt --verbose=1
/media/tru-cpu-24/500_GB/APIs/KRIK_SDKv2.8/out/sysroots/x86_64-fslcsdk-linux/usr/bin/aarch64-fslc-linux/aarch64-fslc-linux-g++   -march=armv8-a+crc+crypto -mbranch-protection=standard -fstack-protector-strong  -O2 -D_FORTIFY_SOURCE=2 -Wformat -Wformat-security -Werror=format-security --sysroot=/media/tru-cpu-24/500_GB/APIs/KRIK_SDKv2.8/out/sysroots/armv8a-fslc-linux --sysroot=/media/tru-cpu-24/500_GB/APIs/KRIK_SDKv2.8/out/sysroots/armv8a-fslc-linux  -O2 -pipe -g -feliminate-unused-debug-types   -Wl,-O1 -Wl,--hash-style=gnu -Wl,--as-needed  -Wl,-z,relro,-z,now -v CMakeFiles/cmTC_ed6fa.dir/CMakeCXXCompilerABI.cpp.o -o cmTC_ed6fa 
Using built-in specs.
COLLECT_GCC=/media/tru-cpu-24/500_GB/APIs/KRIK_SDKv2.8/out/sysroots/x86_64-fslcsdk-linux/usr/bin/aarch64-fslc-linux/aarch64-fslc-linux-g++
COLLECT_LTO_WRAPPER=/media/tru-cpu-24/500_GB/APIs/KRIK_SDKv2.8/out/sysroots/x86_64-fslcsdk-linux/usr/libexec/aarch64-fslc-linux/gcc/aarch64-fslc-linux/11.4.0/lto-wrapper
Target: aarch64-fslc-linux
Configured with: ../../../../../../work-shared/gcc-11.4.0-r0/gcc-11.4.0/configure --build=x86_64-linux --host=x86_64-fslcsdk-linux --target=aarch64-fslc-linux --prefix=/usr/local/oe-sdk-hardcoded-buildpath/sysroots/x86_64-fslcsdk-linux/usr --exec_prefix=/usr/local/oe-sdk-hardcoded-buildpath/sysroots/x86_64-fslcsdk-linux/usr --bindir=/usr/local/oe-sdk-hardcoded-buildpath/sysroots/x86_64-fslcsdk-linux/usr/bin/aarch64-fslc-linux --sbindir=/usr/local/oe-sdk-hardcoded-buildpath/sysroots/x86_64-fslcsdk-linux/usr/bin/aarch64-fslc-linux --libexecdir=/usr/local/oe-sdk-hardcoded-buildpath/sysroots/x86_64-fslcsdk-linux/usr/libexec/aarch64-fslc-linux --datadir=/usr/local/oe-sdk-hardcoded-buildpath/sysroots/x86_64-fslcsdk-linux/usr/share --sysconfdir=/usr/local/oe-sdk-hardcoded-buildpath/sysroots/x86_64-fslcsdk-linux/etc --sharedstatedir=/usr/local/oe-sdk-hardcoded-buildpath/sysroots/x86_64-fslcsdk-linux/com --localstatedir=/usr/local/oe-sdk-hardcoded-buildpath/sysroots/x86_64-fslcsdk-linux/var --libdir=/usr/local/oe-sdk-hardcoded-buildpath/sysroots/x86_64-fslcsdk-linux/usr/lib/aarch64-fslc-linux --includedir=/usr/local/oe-sdk-hardcoded-buildpath/sysroots/x86_64-fslcsdk-linux/usr/include --oldincludedir=/usr/local/oe-sdk-hardcoded-buildpath/sysroots/x86_64-fslcsdk-linux/usr/include --infodir=/usr/local/oe-sdk-hardcoded-buildpath/sysroots/x86_64-fslcsdk-linux/usr/share/info --mandir=/usr/local/oe-sdk-hardcoded-buildpath/sysroots/x86_64-fslcsdk-linux/usr/share/man --disable-silent-rules --disable-dependency-tracking --with-libtool-sysroot=/media/tru-cpu-17/chargeNex/chargeNex/BSP/kirkstone/imx8m/CodeSetup/build_xwayland/tmp/work/x86_64-nativesdk-fslcsdk-linux/gcc-cross-canadian-aarch64/11.4.0-r0/recipe-sysroot --with-gnu-ld --enable-shared --enable-languages=c,c++ --enable-threads=posix --enable-multilib --enable-default-pie --enable-c99 --enable-long-long --enable-symvers=gnu --enable-libstdcxx-pch --program-prefix=aarch64-fslc-linux- --without-local-prefix --disable-install-libiberty --disable-libssp --enable-libitm --enable-lto --disable-bootstrap --with-system-zlib --with-linker-hash-style=gnu --enable-linker-build-id --with-ppl=no --with-cloog=no --enable-checking=release --enable-cheaders=c_global --without-isl --with-gxx-include-dir=/not/exist/usr/include/c++/11.4.0 --with-build-time-tools=/media/tru-cpu-17/chargeNex/chargeNex/BSP/kirkstone/imx8m/CodeSetup/build_xwayland/tmp/work/x86_64-nativesdk-fslcsdk-linux/gcc-cross-canadian-aarch64/11.4.0-r0/recipe-sysroot-native/usr/aarch64-fslc-linux/bin --with-sysroot=/not/exist --with-build-sysroot=/media/tru-cpu-17/chargeNex/chargeNex/BSP/kirkstone/imx8m/CodeSetup/build_xwayland/tmp/work/x86_64-nativesdk-fslcsdk-linux/gcc-cross-canadian-aarch64/11.4.0-r0/recipe-sysroot --with-plugin-ld=ld --enable-poison-system-directories --disable-static --enable-nls --with-glibc-version=2.28 --enable-initfini-array --enable-__cxa_atexit
Thread model: posix
Supported LTO compression algorithms: zlib zstd
gcc version 11.4.0 (GCC) 
COMPILER_PATH=/media/tru-cpu-24/500_GB/APIs/KRIK_SDKv2.8/out/sysroots/x86_64-fslcsdk-linux/usr/libexec/aarch64-fslc-linux/gcc/aarch64-fslc-linux/11.4.0/:/media/tru-cpu-24/500_GB/APIs/KRIK_SDKv2.8/out/sysroots/x86_64-fslcsdk-linux/usr/libexec/aarch64-fslc-linux/gcc/aarch64-fslc-linux/11.4.0/:/media/tru-cpu-24/500_GB/APIs/KRIK_SDKv2.8/out/sysroots/x86_64-fslcsdk-linux/usr/libexec/aarch64-fslc-linux/gcc/aarch64-fslc-linux/:/media/tru-cpu-24/500_GB/APIs/KRIK_SDKv2.8/out/sysroots/x86_64-fslcsdk-linux/usr/lib/aarch64-fslc-linux/gcc/aarch64-fslc-linux/11.4.0/:/media/tru-cpu-24/500_GB/APIs/KRIK_SDKv2.8/out/sysroots/x86_64-fslcsdk-linux/usr/lib/aarch64-fslc-linux/gcc/aarch64-fslc-linux/
LIBRARY_PATH=/media/tru-cpu-24/500_GB/APIs/KRIK_SDKv2.8/out/sysroots/x86_64-fslcsdk-linux/usr/lib/aarch64-fslc-linux/gcc/aarch64-fslc-linux/11.4.0/:/media/tru-cpu-24/500_GB/APIs/KRIK_SDKv2.8/out/sysroots/armv8a-fslc-linux/lib/:/media/tru-cpu-24/500_GB/APIs/KRIK_SDKv2.8/out/sysroots/armv8a-fslc-linux/usr/lib/aarch64-fslc-linux/11.4.0/:/media/tru-cpu-24/500_GB/APIs/KRIK_SDKv2.8/out/sysroots/armv8a-fslc-linux/usr/lib/
COLLECT_GCC_OPTIONS='-march=armv8-a+crc+crypto' '-mbranch-protection=standard' '-fstack-protector-strong' '-O2' '-D' '_FORTIFY_SOURCE=2' '-Wformat=1' '-Wformat-security' '-Werror=format-security' '-O2' '-pipe' '-g' '-feliminate-unused-debug-types' '-v' '-o' 'cmTC_ed6fa' '-shared-libgcc' '-mlittle-endian' '-mabi=lp64' '-dumpdir' 'cmTC_ed6fa.'
 /media/tru-cpu-24/500_GB/APIs/KRIK_SDKv2.8/out/sysroots/x86_64-fslcsdk-linux/usr/libexec/aarch64-fslc-linux/gcc/aarch64-fslc-linux/11.4.0/collect2 -plugin /media/tru-cpu-24/500_GB/APIs/KRIK_SDKv2.8/out/sysroots/x86_64-fslcsdk-linux/usr/libexec/aarch64-fslc-linux/gcc/aarch64-fslc-linux/11.4.0/liblto_plugin.so -plugin-opt=/media/tru-cpu-24/500_GB/APIs/KRIK_SDKv2.8/out/sysroots/x86_64-fslcsdk-linux/usr/libexec/aarch64-fslc-linux/gcc/aarch64-fslc-linux/11.4.0/lto-wrapper -plugin-opt=-fresolution=/tmp/ccJgvdO9.res -plugin-opt=-pass-through=-lgcc_s -plugin-opt=-pass-through=-lgcc -plugin-opt=-pass-through=-lc -plugin-opt=-pass-through=-lgcc_s -plugin-opt=-pass-through=-lgcc --sysroot=/media/tru-cpu-24/500_GB/APIs/KRIK_SDKv2.8/out/sysroots/armv8a-fslc-linux --build-id --eh-frame-hdr --hash-style=gnu -dynamic-linker /lib/ld-linux-aarch64.so.1 -X -EL -maarch64linux -pie -o cmTC_ed6fa /media/tru-cpu-24/500_GB/APIs/KRIK_SDKv2.8/out/sysroots/armv8a-fslc-linux/usr/lib/Scrt1.o /media/tru-cpu-24/500_GB/APIs/KRIK_SDKv2.8/out/sysroots/armv8a-fslc-linux/usr/lib/crti.o /media/tru-cpu-24/500_GB/APIs/KRIK_SDKv2.8/out/sysroots/armv8a-fslc-linux/usr/lib/aarch64-fslc-linux/11.4.0/crtbeginS.o -L/media/tru-cpu-24/500_GB/APIs/KRIK_SDKv2.8/out/sysroots/x86_64-fslcsdk-linux/usr/lib/aarch64-fslc-linux/gcc/aarch64-fslc-linux/11.4.0 -L/media/tru-cpu-24/500_GB/APIs/KRIK_SDKv2.8/out/sysroots/armv8a-fslc-linux/lib -L/media/tru-cpu-24/500_GB/APIs/KRIK_SDKv2.8/out/sysroots/armv8a-fslc-linux/usr/lib/aarch64-fslc-linux/11.4.0 -L/media/tru-cpu-24/500_GB/APIs/KRIK_SDKv2.8/out/sysroots/armv8a-fslc-linux/usr/lib -O1 --hash-style=gnu --as-needed -z relro -z now CMakeFiles/cmTC_ed6fa.dir/CMakeCXXCompilerABI.cpp.o -lstdc++ -lm -lgcc_s -lgcc -lc -lgcc_s -lgcc /media/tru-cpu-24/500_GB/APIs/KRIK_SDKv2.8/out/sysroots/armv8a-fslc-linux/usr/lib/aarch64-fslc-linux/11.4.0/crtendS.o /media/tru-cpu-24/500_GB/APIs/KRIK_SDKv2.8/out/sysroots/armv8a-fslc-linux/usr/lib/crtn.o
COLLECT_GCC_OPTIONS='-march=armv8-a+crc+crypto' '-mbranch-protection=standard' '-fstack-protector-strong' '-O2' '-D' '_FORTIFY_SOURCE=2' '-Wformat=1' '-Wformat-security' '-Werror=format-security' '-O2' '-pipe' '-g' '-feliminate-unused-debug-types' '-v' '-o' 'cmTC_ed6fa' '-shared-libgcc' '-mlittle-endian' '-mabi=lp64' '-dumpdir' 'cmTC_ed6fa.'
make[1]: Leaving directory '/media/tru-cpu-24/500_GB/APIs/POE_api/api/build/CMakeFiles/CMakeTmp'



Parsed CXX implicit include dir info from above output: rv=done
  found start of include info
  found start of implicit include info
    add: [/media/tru-cpu-24/500_GB/APIs/KRIK_SDKv2.8/out/sysroots/armv8a-fslc-linux/usr/include/c++/11.4.0]
    add: [/media/tru-cpu-24/500_GB/APIs/KRIK_SDKv2.8/out/sysroots/armv8a-fslc-linux/usr/include/c++/11.4.0/aarch64-fslc-linux]
    add: [/media/tru-cpu-24/500_GB/APIs/KRIK_SDKv2.8/out/sysroots/armv8a-fslc-linux/usr/include/c++/11.4.0/backward]
    add: [/media/tru-cpu-24/500_GB/APIs/KRIK_SDKv2.8/out/sysroots/x86_64-fslcsdk-linux/usr/lib/aarch64-fslc-linux/gcc/aarch64-fslc-linux/11.4.0/include]
    add: [/media/tru-cpu-24/500_GB/APIs/KRIK_SDKv2.8/out/sysroots/armv8a-fslc-linux/usr/lib/aarch64-fslc-linux/11.4.0/include]
    add: [/media/tru-cpu-24/500_GB/APIs/KRIK_SDKv2.8/out/sysroots/x86_64-fslcsdk-linux/usr/lib/aarch64-fslc-linux/gcc/aarch64-fslc-linux/11.4.0/include-fixed]
    add: [/media/tru-cpu-24/500_GB/APIs/KRIK_SDKv2.8/out/sysroots/armv8a-fslc-linux/usr/include/]
  end of search list found
  collapse include dir [/media/tru-cpu-24/500_GB/APIs/KRIK_SDKv2.8/out/sysroots/armv8a-fslc-linux/usr/include/c++/11.4.0] ==> [/media/tru-cpu-24/500_GB/APIs/KRIK_SDKv2.8/out/sysroots/armv8a-fslc-linux/usr/include/c++/11.4.0]
  collapse include dir [/media/tru-cpu-24/500_GB/APIs/KRIK_SDKv2.8/out/sysroots/armv8a-fslc-linux/usr/include/c++/11.4.0/aarch64-fslc-linux] ==> [/media/tru-cpu-24/500_GB/APIs/KRIK_SDKv2.8/out/sysroots/armv8a-fslc-linux/usr/include/c++/11.4.0/aarch64-fslc-linux]
  collapse include dir [/media/tru-cpu-24/500_GB/APIs/KRIK_SDKv2.8/out/sysroots/armv8a-fslc-linux/usr/include/c++/11.4.0/backward] ==> [/media/tru-cpu-24/500_GB/APIs/KRIK_SDKv2.8/out/sysroots/armv8a-fslc-linux/usr/include/c++/11.4.0/backward]
  collapse include dir [/media/tru-cpu-24/500_GB/APIs/KRIK_SDKv2.8/out/sysroots/x86_64-fslcsdk-linux/usr/lib/aarch64-fslc-linux/gcc/aarch64-fslc-linux/11.4.0/include] ==> [/media/tru-cpu-24/500_GB/APIs/KRIK_SDKv2.8/out/sysroots/x86_64-fslcsdk-linux/usr/lib/aarch64-fslc-linux/gcc/aarch64-fslc-linux/11.4.0/include]
  collapse include dir [/media/tru-cpu-24/500_GB/APIs/KRIK_SDKv2.8/out/sysroots/armv8a-fslc-linux/usr/lib/aarch64-fslc-linux/11.4.0/include] ==> [/media/tru-cpu-24/500_GB/APIs/KRIK_SDKv2.8/out/sysroots/armv8a-fslc-linux/usr/lib/aarch64-fslc-linux/11.4.0/include]
  collapse include dir [/media/tru-cpu-24/500_GB/APIs/KRIK_SDKv2.8/out/sysroots/x86_64-fslcsdk-linux/usr/lib/aarch64-fslc-linux/gcc/aarch64-fslc-linux/11.4.0/include-fixed] ==> [/media/tru-cpu-24/500_GB/APIs/KRIK_SDKv2.8/out/sysroots/x86_64-fslcsdk-linux/usr/lib/aarch64-fslc-linux/gcc/aarch64-fslc-linux/11.4.0/include-fixed]
  collapse include dir [/media/tru-cpu-24/500_GB/APIs/KRIK_SDKv2.8/out/sysroots/armv8a-fslc-linux/usr/include/] ==> [/media/tru-cpu-24/500_GB/APIs/KRIK_SDKv2.8/out/sysroots/armv8a-fslc-linux/usr/include]
  implicit include dirs: [/media/tru-cpu-24/500_GB/APIs/KRIK_SDKv2.8/out/sysroots/armv8a-fslc-linux/usr/include/c++/11.4.0;/media/tru-cpu-24/500_GB/APIs/KRIK_SDKv2.8/out/sysroots/armv8a-fslc-linux/usr/include/c++/11.4.0/aarch64-fslc-linux;/media/tru-cpu-24/500_GB/APIs/KRIK_SDKv2.8/out/sysroots/armv8a-fslc-linux/usr/include/c++/11.4.0/backward;/media/tru-cpu-24/500_GB/APIs/KRIK_SDKv2.8/out/sysroots/x86_64-fslcsdk-linux/usr/lib/aarch64-fslc-linux/gcc/aarch64-fslc-linux/11.4.0/include;/media/tru-cpu-24/500_GB/APIs/KRIK_SDKv2.8/out/sysroots/armv8a-fslc-linux/usr/lib/aarch64-fslc-linux/11.4.0/include;/media/tru-cpu-24/500_GB/APIs/KRIK_SDKv2.8/out/sysroots/x86_64-fslcsdk-linux/usr/lib/aarch64-fslc-linux/gcc/aarch64-fslc-linux/11.4.0/include-fixed;/media/tru-cpu-24/500_GB/APIs/KRIK_SDKv2.8/out/sysroots/armv8a-fslc-linux/usr/include]


Parsed CXX implicit link information from above output:
  link line regex: [^( *|.*[/\])(aarch64-fslc-linux-ld|CMAKE_LINK_STARTFILE-NOTFOUND|([^/\]+-)?ld|collect2)[^/\]*( |$)]
  ignore line: [Change Dir: /media/tru-cpu-24/500_GB/APIs/POE_api/api/build/CMakeFiles/CMakeTmp]
  ignore line: []
  ignore line: [Run Build Command(s):/usr/bin/make -f Makefile cmTC_ed6fa/fast && /usr/bin/make  -f CMakeFiles/cmTC_ed6fa.dir/build.make CMakeFiles/cmTC_ed6fa.dir/build]
  ignore line: [make[1]: Entering directory '/media/tru-cpu-24/500_GB/APIs/POE_api/api/build/CMakeFiles/CMakeTmp']
  ignore line: [Building CXX object CMakeFiles/cmTC_ed6fa.dir/CMakeCXXCompilerABI.cpp.o]
  ignore line: [/media/tru-cpu-24/500_GB/APIs/KRIK_SDKv2.8/out/sysroots/x86_64-fslcsdk-linux/usr/bin/aarch64-fslc-linux/aarch64-fslc-linux-g++   -march=armv8-a+crc+crypto -mbranch-protection=standard -fstack-protector-strong  -O2 -D_FORTIFY_SOURCE=2 -Wformat -Wformat-security -Werror=format-security --sysroot=/media/tru-cpu-24/500_GB/APIs/KRIK_SDKv2.8/out/sysroots/armv8a-fslc-linux --sysroot=/media/tru-cpu-24/500_GB/APIs/KRIK_SDKv2.8/out/sysroots/armv8a-fslc-linux   -O2 -pipe -g -feliminate-unused-debug-types     -v -o CMakeFiles/cmTC_ed6fa.dir/CMakeCXXCompilerABI.cpp.o -c /media/tru-cpu-24/500_GB/APIs/KRIK_SDKv2.8/out/sysroots/x86_64-fslcsdk-linux/usr/share/cmake-3.22/Modules/CMakeCXXCompilerABI.cpp]
  ignore line: [Using built-in specs.]
  ignore line: [COLLECT_GCC=/media/tru-cpu-24/500_GB/APIs/KRIK_SDKv2.8/out/sysroots/x86_64-fslcsdk-linux/usr/bin/aarch64-fslc-linux/aarch64-fslc-linux-g++]
  ignore line: [Target: aarch64-fslc-linux]
  ignore line: [Configured with: ../../../../../../work-shared/gcc-11.4.0-r0/gcc-11.4.0/configure --build=x86_64-linux --host=x86_64-fslcsdk-linux --target=aarch64-fslc-linux --prefix=/usr/local/oe-sdk-hardcoded-buildpath/sysroots/x86_64-fslcsdk-linux/usr --exec_prefix=/usr/local/oe-sdk-hardcoded-buildpath/sysroots/x86_64-fslcsdk-linux/usr --bindir=/usr/local/oe-sdk-hardcoded-buildpath/sysroots/x86_64-fslcsdk-linux/usr/bin/aarch64-fslc-linux --sbindir=/usr/local/oe-sdk-hardcoded-buildpath/sysroots/x86_64-fslcsdk-linux/usr/bin/aarch64-fslc-linux --libexecdir=/usr/local/oe-sdk-hardcoded-buildpath/sysroots/x86_64-fslcsdk-linux/usr/libexec/aarch64-fslc-linux --datadir=/usr/local/oe-sdk-hardcoded-buildpath/sysroots/x86_64-fslcsdk-linux/usr/share --sysconfdir=/usr/local/oe-sdk-hardcoded-buildpath/sysroots/x86_64-fslcsdk-linux/etc --sharedstatedir=/usr/local/oe-sdk-hardcoded-buildpath/sysroots/x86_64-fslcsdk-linux/com --localstatedir=/usr/local/oe-sdk-hardcoded-buildpath/sysroots/x86_64-fslcsdk-linux/var --libdir=/usr/local/oe-sdk-hardcoded-buildpath/sysroots/x86_64-fslcsdk-linux/usr/lib/aarch64-fslc-linux --includedir=/usr/local/oe-sdk-hardcoded-buildpath/sysroots/x86_64-fslcsdk-linux/usr/include --oldincludedir=/usr/local/oe-sdk-hardcoded-buildpath/sysroots/x86_64-fslcsdk-linux/usr/include --infodir=/usr/local/oe-sdk-hardcoded-buildpath/sysroots/x86_64-fslcsdk-linux/usr/share/info --mandir=/usr/local/oe-sdk-hardcoded-buildpath/sysroots/x86_64-fslcsdk-linux/usr/share/man --disable-silent-rules --disable-dependency-tracking --with-libtool-sysroot=/media/tru-cpu-17/chargeNex/chargeNex/BSP/kirkstone/imx8m/CodeSetup/build_xwayland/tmp/work/x86_64-nativesdk-fslcsdk-linux/gcc-cross-canadian-aarch64/11.4.0-r0/recipe-sysroot --with-gnu-ld --enable-shared --enable-languages=c,c++ --enable-threads=posix --enable-multilib --enable-default-pie --enable-c99 --enable-long-long --enable-symvers=gnu --enable-libstdcxx-pch --program-prefix=aarch64-fslc-linux- --without-local-prefix --disable-install-libiberty --disable-libssp --enable-libitm --enable-lto --disable-bootstrap --with-system-zlib --with-linker-hash-style=gnu --enable-linker-build-id --with-ppl=no --with-cloog=no --enable-checking=release --enable-cheaders=c_global --without-isl --with-gxx-include-dir=/not/exist/usr/include/c++/11.4.0 --with-build-time-tools=/media/tru-cpu-17/chargeNex/chargeNex/BSP/kirkstone/imx8m/CodeSetup/build_xwayland/tmp/work/x86_64-nativesdk-fslcsdk-linux/gcc-cross-canadian-aarch64/11.4.0-r0/recipe-sysroot-native/usr/aarch64-fslc-linux/bin --with-sysroot=/not/exist --with-build-sysroot=/media/tru-cpu-17/chargeNex/chargeNex/BSP/kirkstone/imx8m/CodeSetup/build_xwayland/tmp/work/x86_64-nativesdk-fslcsdk-linux/gcc-cross-canadian-aarch64/11.4.0-r0/recipe-sysroot --with-plugin-ld=ld --enable-poison-system-directories --disable-static --enable-nls --with-glibc-version=2.28 --enable-initfini-array --enable-__cxa_atexit]
  ignore line: [Thread model: posix]
  ignore line: [Supported LTO compression algorithms: zlib zstd]
  ignore line: [gcc version 11.4.0 (GCC) ]
  ignore line: [COLLECT_GCC_OPTIONS='-march=armv8-a+crc+crypto' '-mbranch-protection=standard' '-fstack-protector-strong' '-O2' '-D' '_FORTIFY_SOURCE=2' '-Wformat=1' '-Wformat-security' '-Werror=format-security' '-O2' '-pipe' '-g' '-feliminate-unused-debug-types' '-v' '-o' 'CMakeFiles/cmTC_ed6fa.dir/CMakeCXXCompilerABI.cpp.o' '-c' '-shared-libgcc' '-mlittle-endian' '-mabi=lp64' '-dumpdir' 'CMakeFiles/cmTC_ed6fa.dir/']
  ignore line: [ /media/tru-cpu-24/500_GB/APIs/KRIK_SDKv2.8/out/sysroots/x86_64-fslcsdk-linux/usr/libexec/aarch64-fslc-linux/gcc/aarch64-fslc-linux/11.4.0/cc1plus -quiet -v -isysroot /media/tru-cpu-24/500_GB/APIs/KRIK_SDKv2.8/out/sysroots/armv8a-fslc-linux -D_GNU_SOURCE -D _FORTIFY_SOURCE=2 /media/tru-cpu-24/500_GB/APIs/KRIK_SDKv2.8/out/sysroots/x86_64-fslcsdk-linux/usr/share/cmake-3.22/Modules/CMakeCXXCompilerABI.cpp -quiet -dumpdir CMakeFiles/cmTC_ed6fa.dir/ -dumpbase CMakeCXXCompilerABI.cpp.cpp -dumpbase-ext .cpp -march=armv8-a+crc+crypto -mbranch-protection=standard -mlittle-endian -mabi=lp64 -g -O2 -O2 -Wformat=1 -Wformat-security -Werror=format-security -version -fstack-protector-strong -feliminate-unused-debug-types -o - |]
  ignore line: [ /media/tru-cpu-24/500_GB/APIs/KRIK_SDKv2.8/out/sysroots/x86_64-fslcsdk-linux/usr/libexec/aarch64-fslc-linux/gcc/aarch64-fslc-linux/11.4.0/as -v --gdwarf-5 -EL -march=armv8-a+crc+crypto -mabi=lp64 -o CMakeFiles/cmTC_ed6fa.dir/CMakeCXXCompilerABI.cpp.o]
  ignore line: [GNU assembler version 2.38 (aarch64-fslc-linux) using BFD version (GNU Binutils) 2.38.20220708]
  ignore line: [GNU C++17 (GCC) version 11.4.0 (aarch64-fslc-linux)]
  ignore line: [	compiled by GNU C version 11.4.0  GMP version 6.2.1  MPFR version 4.1.1  MPC version 1.2.1  isl version none]
  ignore line: [GGC heuristics: --param ggc-min-expand=100 --param ggc-min-heapsize=131072]
  ignore line: [ignoring nonexistent directory "/media/tru-cpu-24/500_GB/APIs/KRIK_SDKv2.8/out/sysroots/armv8a-fslc-linux/usr/local/include"]
  ignore line: [ignoring nonexistent directory "/media/tru-cpu-24/500_GB/APIs/KRIK_SDKv2.8/out/sysroots/x86_64-fslcsdk-linux/usr/lib/aarch64-fslc-linux/gcc/aarch64-fslc-linux/11.4.0/../../../../../aarch64-fslc-linux/include"]
  ignore line: [#include "..." search starts here:]
  ignore line: [#include <...> search starts here:]
  ignore line: [ /media/tru-cpu-24/500_GB/APIs/KRIK_SDKv2.8/out/sysroots/armv8a-fslc-linux/usr/include/c++/11.4.0]
  ignore line: [ /media/tru-cpu-24/500_GB/APIs/KRIK_SDKv2.8/out/sysroots/armv8a-fslc-linux/usr/include/c++/11.4.0/aarch64-fslc-linux]
  ignore line: [ /media/tru-cpu-24/500_GB/APIs/KRIK_SDKv2.8/out/sysroots/armv8a-fslc-linux/usr/include/c++/11.4.0/backward]
  ignore line: [ /media/tru-cpu-24/500_GB/APIs/KRIK_SDKv2.8/out/sysroots/x86_64-fslcsdk-linux/usr/lib/aarch64-fslc-linux/gcc/aarch64-fslc-linux/11.4.0/include]
  ignore line: [ /media/tru-cpu-24/500_GB/APIs/KRIK_SDKv2.8/out/sysroots/armv8a-fslc-linux/usr/lib/aarch64-fslc-linux/11.4.0/include]
  ignore line: [ /media/tru-cpu-24/500_GB/APIs/KRIK_SDKv2.8/out/sysroots/x86_64-fslcsdk-linux/usr/lib/aarch64-fslc-linux/gcc/aarch64-fslc-linux/11.4.0/include-fixed]
  ignore line: [ /media/tru-cpu-24/500_GB/APIs/KRIK_SDKv2.8/out/sysroots/armv8a-fslc-linux/usr/include/]
  ignore line: [End of search list.]
  ignore line: [GNU C++17 (GCC) version 11.4.0 (aarch64-fslc-linux)]
  ignore line: [	compiled by GNU C version 11.4.0  GMP version 6.2.1  MPFR version 4.1.1  MPC version 1.2.1  isl version none]
  ignore line: [GGC heuristics: --param ggc-min-expand=100 --param ggc-min-heapsize=131072]
  ignore line: [Compiler executable checksum: 02588595c9931c0e5c860c4d40fe5b8c]
  ignore line: [COMPILER_PATH=/media/tru-cpu-24/500_GB/APIs/KRIK_SDKv2.8/out/sysroots/x86_64-fslcsdk-linux/usr/libexec/aarch64-fslc-linux/gcc/aarch64-fslc-linux/11.4.0/:/media/tru-cpu-24/500_GB/APIs/KRIK_SDKv2.8/out/sysroots/x86_64-fslcsdk-linux/usr/libexec/aarch64-fslc-linux/gcc/aarch64-fslc-linux/11.4.0/:/media/tru-cpu-24/500_GB/APIs/KRIK_SDKv2.8/out/sysroots/x86_64-fslcsdk-linux/usr/libexec/aarch64-fslc-linux/gcc/aarch64-fslc-linux/:/media/tru-cpu-24/500_GB/APIs/KRIK_SDKv2.8/out/sysroots/x86_64-fslcsdk-linux/usr/lib/aarch64-fslc-linux/gcc/aarch64-fslc-linux/11.4.0/:/media/tru-cpu-24/500_GB/APIs/KRIK_SDKv2.8/out/sysroots/x86_64-fslcsdk-linux/usr/lib/aarch64-fslc-linux/gcc/aarch64-fslc-linux/]
  ignore line: [LIBRARY_PATH=/media/tru-cpu-24/500_GB/APIs/KRIK_SDKv2.8/out/sysroots/x86_64-fslcsdk-linux/usr/lib/aarch64-fslc-linux/gcc/aarch64-fslc-linux/11.4.0/:/media/tru-cpu-24/500_GB/APIs/KRIK_SDKv2.8/out/sysroots/armv8a-fslc-linux/lib/:/media/tru-cpu-24/500_GB/APIs/KRIK_SDKv2.8/out/sysroots/armv8a-fslc-linux/usr/lib/aarch64-fslc-linux/11.4.0/:/media/tru-cpu-24/500_GB/APIs/KRIK_SDKv2.8/out/sysroots/armv8a-fslc-linux/usr/lib/]
  ignore line: [COLLECT_GCC_OPTIONS='-march=armv8-a+crc+crypto' '-mbranch-protection=standard' '-fstack-protector-strong' '-O2' '-D' '_FORTIFY_SOURCE=2' '-Wformat=1' '-Wformat-security' '-Werror=format-security' '-O2' '-pipe' '-g' '-feliminate-unused-debug-types' '-v' '-o' 'CMakeFiles/cmTC_ed6fa.dir/CMakeCXXCompilerABI.cpp.o' '-c' '-shared-libgcc' '-mlittle-endian' '-mabi=lp64' '-dumpdir' 'CMakeFiles/cmTC_ed6fa.dir/CMakeCXXCompilerABI.cpp.']
  ignore line: [Linking CXX executable cmTC_ed6fa]
  ignore line: [/media/tru-cpu-24/500_GB/APIs/KRIK_SDKv2.8/out/sysroots/x86_64-fslcsdk-linux/usr/bin/cmake -E cmake_link_script CMakeFiles/cmTC_ed6fa.dir/link.txt --verbose=1]
  ignore line: [/media/tru-cpu-24/500_GB/APIs/KRIK_SDKv2.8/out/sysroots/x86_64-fslcsdk-linux/usr/bin/aarch64-fslc-linux/aarch64-fslc-linux-g++   -march=armv8-a+crc+crypto -mbranch-protection=standard -fstack-protector-strong  -O2 -D_FORTIFY_SOURCE=2 -Wformat -Wformat-security -Werror=format-security --sysroot=/media/tru-cpu-24/500_GB/APIs/KRIK_SDKv2.8/out/sysroots/armv8a-fslc-linux --sysroot=/media/tru-cpu-24/500_GB/APIs/KRIK_SDKv2.8/out/sysroots/armv8a-fslc-linux  -O2 -pipe -g -feliminate-unused-debug-types   -Wl -O1 -Wl --hash-style=gnu -Wl --as-needed  -Wl -z relro -z now -v CMakeFiles/cmTC_ed6fa.dir/CMakeCXXCompilerABI.cpp.o -o cmTC_ed6fa ]
  ignore line: [Using built-in specs.]
  ignore line: [COLLECT_GCC=/media/tru-cpu-24/500_GB/APIs/KRIK_SDKv2.8/out/sysroots/x86_64-fslcsdk-linux/usr/bin/aarch64-fslc-linux/aarch64-fslc-linux-g++]
  ignore line: [COLLECT_LTO_WRAPPER=/media/tru-cpu-24/500_GB/APIs/KRIK_SDKv2.8/out/sysroots/x86_64-fslcsdk-linux/usr/libexec/aarch64-fslc-linux/gcc/aarch64-fslc-linux/11.4.0/lto-wrapper]
  ignore line: [Target: aarch64-fslc-linux]
  ignore line: [Configured with: ../../../../../../work-shared/gcc-11.4.0-r0/gcc-11.4.0/configure --build=x86_64-linux --host=x86_64-fslcsdk-linux --target=aarch64-fslc-linux --prefix=/usr/local/oe-sdk-hardcoded-buildpath/sysroots/x86_64-fslcsdk-linux/usr --exec_prefix=/usr/local/oe-sdk-hardcoded-buildpath/sysroots/x86_64-fslcsdk-linux/usr --bindir=/usr/local/oe-sdk-hardcoded-buildpath/sysroots/x86_64-fslcsdk-linux/usr/bin/aarch64-fslc-linux --sbindir=/usr/local/oe-sdk-hardcoded-buildpath/sysroots/x86_64-fslcsdk-linux/usr/bin/aarch64-fslc-linux --libexecdir=/usr/local/oe-sdk-hardcoded-buildpath/sysroots/x86_64-fslcsdk-linux/usr/libexec/aarch64-fslc-linux --datadir=/usr/local/oe-sdk-hardcoded-buildpath/sysroots/x86_64-fslcsdk-linux/usr/share --sysconfdir=/usr/local/oe-sdk-hardcoded-buildpath/sysroots/x86_64-fslcsdk-linux/etc --sharedstatedir=/usr/local/oe-sdk-hardcoded-buildpath/sysroots/x86_64-fslcsdk-linux/com --localstatedir=/usr/local/oe-sdk-hardcoded-buildpath/sysroots/x86_64-fslcsdk-linux/var --libdir=/usr/local/oe-sdk-hardcoded-buildpath/sysroots/x86_64-fslcsdk-linux/usr/lib/aarch64-fslc-linux --includedir=/usr/local/oe-sdk-hardcoded-buildpath/sysroots/x86_64-fslcsdk-linux/usr/include --oldincludedir=/usr/local/oe-sdk-hardcoded-buildpath/sysroots/x86_64-fslcsdk-linux/usr/include --infodir=/usr/local/oe-sdk-hardcoded-buildpath/sysroots/x86_64-fslcsdk-linux/usr/share/info --mandir=/usr/local/oe-sdk-hardcoded-buildpath/sysroots/x86_64-fslcsdk-linux/usr/share/man --disable-silent-rules --disable-dependency-tracking --with-libtool-sysroot=/media/tru-cpu-17/chargeNex/chargeNex/BSP/kirkstone/imx8m/CodeSetup/build_xwayland/tmp/work/x86_64-nativesdk-fslcsdk-linux/gcc-cross-canadian-aarch64/11.4.0-r0/recipe-sysroot --with-gnu-ld --enable-shared --enable-languages=c,c++ --enable-threads=posix --enable-multilib --enable-default-pie --enable-c99 --enable-long-long --enable-symvers=gnu --enable-libstdcxx-pch --program-prefix=aarch64-fslc-linux- --without-local-prefix --disable-install-libiberty --disable-libssp --enable-libitm --enable-lto --disable-bootstrap --with-system-zlib --with-linker-hash-style=gnu --enable-linker-build-id --with-ppl=no --with-cloog=no --enable-checking=release --enable-cheaders=c_global --without-isl --with-gxx-include-dir=/not/exist/usr/include/c++/11.4.0 --with-build-time-tools=/media/tru-cpu-17/chargeNex/chargeNex/BSP/kirkstone/imx8m/CodeSetup/build_xwayland/tmp/work/x86_64-nativesdk-fslcsdk-linux/gcc-cross-canadian-aarch64/11.4.0-r0/recipe-sysroot-native/usr/aarch64-fslc-linux/bin --with-sysroot=/not/exist --with-build-sysroot=/media/tru-cpu-17/chargeNex/chargeNex/BSP/kirkstone/imx8m/CodeSetup/build_xwayland/tmp/work/x86_64-nativesdk-fslcsdk-linux/gcc-cross-canadian-aarch64/11.4.0-r0/recipe-sysroot --with-plugin-ld=ld --enable-poison-system-directories --disable-static --enable-nls --with-glibc-version=2.28 --enable-initfini-array --enable-__cxa_atexit]
  ignore line: [Thread model: posix]
  ignore line: [Supported LTO compression algorithms: zlib zstd]
  ignore line: [gcc version 11.4.0 (GCC) ]
  ignore line: [COMPILER_PATH=/media/tru-cpu-24/500_GB/APIs/KRIK_SDKv2.8/out/sysroots/x86_64-fslcsdk-linux/usr/libexec/aarch64-fslc-linux/gcc/aarch64-fslc-linux/11.4.0/:/media/tru-cpu-24/500_GB/APIs/KRIK_SDKv2.8/out/sysroots/x86_64-fslcsdk-linux/usr/libexec/aarch64-fslc-linux/gcc/aarch64-fslc-linux/11.4.0/:/media/tru-cpu-24/500_GB/APIs/KRIK_SDKv2.8/out/sysroots/x86_64-fslcsdk-linux/usr/libexec/aarch64-fslc-linux/gcc/aarch64-fslc-linux/:/media/tru-cpu-24/500_GB/APIs/KRIK_SDKv2.8/out/sysroots/x86_64-fslcsdk-linux/usr/lib/aarch64-fslc-linux/gcc/aarch64-fslc-linux/11.4.0/:/media/tru-cpu-24/500_GB/APIs/KRIK_SDKv2.8/out/sysroots/x86_64-fslcsdk-linux/usr/lib/aarch64-fslc-linux/gcc/aarch64-fslc-linux/]
  ignore line: [LIBRARY_PATH=/media/tru-cpu-24/500_GB/APIs/KRIK_SDKv2.8/out/sysroots/x86_64-fslcsdk-linux/usr/lib/aarch64-fslc-linux/gcc/aarch64-fslc-linux/11.4.0/:/media/tru-cpu-24/500_GB/APIs/KRIK_SDKv2.8/out/sysroots/armv8a-fslc-linux/lib/:/media/tru-cpu-24/500_GB/APIs/KRIK_SDKv2.8/out/sysroots/armv8a-fslc-linux/usr/lib/aarch64-fslc-linux/11.4.0/:/media/tru-cpu-24/500_GB/APIs/KRIK_SDKv2.8/out/sysroots/armv8a-fslc-linux/usr/lib/]
  ignore line: [COLLECT_GCC_OPTIONS='-march=armv8-a+crc+crypto' '-mbranch-protection=standard' '-fstack-protector-strong' '-O2' '-D' '_FORTIFY_SOURCE=2' '-Wformat=1' '-Wformat-security' '-Werror=format-security' '-O2' '-pipe' '-g' '-feliminate-unused-debug-types' '-v' '-o' 'cmTC_ed6fa' '-shared-libgcc' '-mlittle-endian' '-mabi=lp64' '-dumpdir' 'cmTC_ed6fa.']
  link line: [ /media/tru-cpu-24/500_GB/APIs/KRIK_SDKv2.8/out/sysroots/x86_64-fslcsdk-linux/usr/libexec/aarch64-fslc-linux/gcc/aarch64-fslc-linux/11.4.0/collect2 -plugin /media/tru-cpu-24/500_GB/APIs/KRIK_SDKv2.8/out/sysroots/x86_64-fslcsdk-linux/usr/libexec/aarch64-fslc-linux/gcc/aarch64-fslc-linux/11.4.0/liblto_plugin.so -plugin-opt=/media/tru-cpu-24/500_GB/APIs/KRIK_SDKv2.8/out/sysroots/x86_64-fslcsdk-linux/usr/libexec/aarch64-fslc-linux/gcc/aarch64-fslc-linux/11.4.0/lto-wrapper -plugin-opt=-fresolution=/tmp/ccJgvdO9.res -plugin-opt=-pass-through=-lgcc_s -plugin-opt=-pass-through=-lgcc -plugin-opt=-pass-through=-lc -plugin-opt=-pass-through=-lgcc_s -plugin-opt=-pass-through=-lgcc --sysroot=/media/tru-cpu-24/500_GB/APIs/KRIK_SDKv2.8/out/sysroots/armv8a-fslc-linux --build-id --eh-frame-hdr --hash-style=gnu -dynamic-linker /lib/ld-linux-aarch64.so.1 -X -EL -maarch64linux -pie -o cmTC_ed6fa /media/tru-cpu-24/500_GB/APIs/KRIK_SDKv2.8/out/sysroots/armv8a-fslc-linux/usr/lib/Scrt1.o /media/tru-cpu-24/500_GB/APIs/KRIK_SDKv2.8/out/sysroots/armv8a-fslc-linux/usr/lib/crti.o /media/tru-cpu-24/500_GB/APIs/KRIK_SDKv2.8/out/sysroots/armv8a-fslc-linux/usr/lib/aarch64-fslc-linux/11.4.0/crtbeginS.o -L/media/tru-cpu-24/500_GB/APIs/KRIK_SDKv2.8/out/sysroots/x86_64-fslcsdk-linux/usr/lib/aarch64-fslc-linux/gcc/aarch64-fslc-linux/11.4.0 -L/media/tru-cpu-24/500_GB/APIs/KRIK_SDKv2.8/out/sysroots/armv8a-fslc-linux/lib -L/media/tru-cpu-24/500_GB/APIs/KRIK_SDKv2.8/out/sysroots/armv8a-fslc-linux/usr/lib/aarch64-fslc-linux/11.4.0 -L/media/tru-cpu-24/500_GB/APIs/KRIK_SDKv2.8/out/sysroots/armv8a-fslc-linux/usr/lib -O1 --hash-style=gnu --as-needed -z relro -z now CMakeFiles/cmTC_ed6fa.dir/CMakeCXXCompilerABI.cpp.o -lstdc++ -lm -lgcc_s -lgcc -lc -lgcc_s -lgcc /media/tru-cpu-24/500_GB/APIs/KRIK_SDKv2.8/out/sysroots/armv8a-fslc-linux/usr/lib/aarch64-fslc-linux/11.4.0/crtendS.o /media/tru-cpu-24/500_GB/APIs/KRIK_SDKv2.8/out/sysroots/armv8a-fslc-linux/usr/lib/crtn.o]
    arg [/media/tru-cpu-24/500_GB/APIs/KRIK_SDKv2.8/out/sysroots/x86_64-fslcsdk-linux/usr/libexec/aarch64-fslc-linux/gcc/aarch64-fslc-linux/11.4.0/collect2] ==> ignore
    arg [-plugin] ==> ignore
    arg [/media/tru-cpu-24/500_GB/APIs/KRIK_SDKv2.8/out/sysroots/x86_64-fslcsdk-linux/usr/libexec/aarch64-fslc-linux/gcc/aarch64-fslc-linux/11.4.0/liblto_plugin.so] ==> ignore
    arg [-plugin-opt=/media/tru-cpu-24/500_GB/APIs/KRIK_SDKv2.8/out/sysroots/x86_64-fslcsdk-linux/usr/libexec/aarch64-fslc-linux/gcc/aarch64-fslc-linux/11.4.0/lto-wrapper] ==> ignore
    arg [-plugin-opt=-fresolution=/tmp/ccJgvdO9.res] ==> ignore
    arg [-plugin-opt=-pass-through=-lgcc_s] ==> ignore
    arg [-plugin-opt=-pass-through=-lgcc] ==> ignore
    arg [-plugin-opt=-pass-through=-lc] ==> ignore
    arg [-plugin-opt=-pass-through=-lgcc_s] ==> ignore
    arg [-plugin-opt=-pass-through=-lgcc] ==> ignore
    arg [--sysroot=/media/tru-cpu-24/500_GB/APIs/KRIK_SDKv2.8/out/sysroots/armv8a-fslc-linux] ==> ignore
    arg [--build-id] ==> ignore
    arg [--eh-frame-hdr] ==> ignore
    arg [--hash-style=gnu] ==> ignore
    arg [-dynamic-linker] ==> ignore
    arg [/lib/ld-linux-aarch64.so.1] ==> ignore
    arg [-X] ==> ignore
    arg [-EL] ==> ignore
    arg [-maarch64linux] ==> ignore
    arg [-pie] ==> ignore
    arg [-o] ==> ignore
    arg [cmTC_ed6fa] ==> ignore
    arg [/media/tru-cpu-24/500_GB/APIs/KRIK_SDKv2.8/out/sysroots/armv8a-fslc-linux/usr/lib/Scrt1.o] ==> obj [/media/tru-cpu-24/500_GB/APIs/KRIK_SDKv2.8/out/sysroots/armv8a-fslc-linux/usr/lib/Scrt1.o]
    arg [/media/tru-cpu-24/500_GB/APIs/KRIK_SDKv2.8/out/sysroots/armv8a-fslc-linux/usr/lib/crti.o] ==> obj [/media/tru-cpu-24/500_GB/APIs/KRIK_SDKv2.8/out/sysroots/armv8a-fslc-linux/usr/lib/crti.o]
    arg [/media/tru-cpu-24/500_GB/APIs/KRIK_SDKv2.8/out/sysroots/armv8a-fslc-linux/usr/lib/aarch64-fslc-linux/11.4.0/crtbeginS.o] ==> obj [/media/tru-cpu-24/500_GB/APIs/KRIK_SDKv2.8/out/sysroots/armv8a-fslc-linux/usr/lib/aarch64-fslc-linux/11.4.0/crtbeginS.o]
    arg [-L/media/tru-cpu-24/500_GB/APIs/KRIK_SDKv2.8/out/sysroots/x86_64-fslcsdk-linux/usr/lib/aarch64-fslc-linux/gcc/aarch64-fslc-linux/11.4.0] ==> dir [/media/tru-cpu-24/500_GB/APIs/KRIK_SDKv2.8/out/sysroots/x86_64-fslcsdk-linux/usr/lib/aarch64-fslc-linux/gcc/aarch64-fslc-linux/11.4.0]
    arg [-L/media/tru-cpu-24/500_GB/APIs/KRIK_SDKv2.8/out/sysroots/armv8a-fslc-linux/lib] ==> dir [/media/tru-cpu-24/500_GB/APIs/KRIK_SDKv2.8/out/sysroots/armv8a-fslc-linux/lib]
    arg [-L/media/tru-cpu-24/500_GB/APIs/KRIK_SDKv2.8/out/sysroots/armv8a-fslc-linux/usr/lib/aarch64-fslc-linux/11.4.0] ==> dir [/media/tru-cpu-24/500_GB/APIs/KRIK_SDKv2.8/out/sysroots/armv8a-fslc-linux/usr/lib/aarch64-fslc-linux/11.4.0]
    arg [-L/media/tru-cpu-24/500_GB/APIs/KRIK_SDKv2.8/out/sysroots/armv8a-fslc-linux/usr/lib] ==> dir [/media/tru-cpu-24/500_GB/APIs/KRIK_SDKv2.8/out/sysroots/armv8a-fslc-linux/usr/lib]
    arg [-O1] ==> ignore
    arg [--hash-style=gnu] ==> ignore
    arg [--as-needed] ==> ignore
    arg [-zrelro] ==> ignore
    arg [-znow] ==> ignore
    arg [CMakeFiles/cmTC_ed6fa.dir/CMakeCXXCompilerABI.cpp.o] ==> ignore
    arg [-lstdc++] ==> lib [stdc++]
    arg [-lm] ==> lib [m]
    arg [-lgcc_s] ==> lib [gcc_s]
    arg [-lgcc] ==> lib [gcc]
    arg [-lc] ==> lib [c]
    arg [-lgcc_s] ==> lib [gcc_s]
    arg [-lgcc] ==> lib [gcc]
    arg [/media/tru-cpu-24/500_GB/APIs/KRIK_SDKv2.8/out/sysroots/armv8a-fslc-linux/usr/lib/aarch64-fslc-linux/11.4.0/crtendS.o] ==> obj [/media/tru-cpu-24/500_GB/APIs/KRIK_SDKv2.8/out/sysroots/armv8a-fslc-linux/usr/lib/aarch64-fslc-linux/11.4.0/crtendS.o]
    arg [/media/tru-cpu-24/500_GB/APIs/KRIK_SDKv2.8/out/sysroots/armv8a-fslc-linux/usr/lib/crtn.o] ==> obj [/media/tru-cpu-24/500_GB/APIs/KRIK_SDKv2.8/out/sysroots/armv8a-fslc-linux/usr/lib/crtn.o]
  collapse library dir [/media/tru-cpu-24/500_GB/APIs/KRIK_SDKv2.8/out/sysroots/x86_64-fslcsdk-linux/usr/lib/aarch64-fslc-linux/gcc/aarch64-fslc-linux/11.4.0] ==> [/media/tru-cpu-24/500_GB/APIs/KRIK_SDKv2.8/out/sysroots/x86_64-fslcsdk-linux/usr/lib/aarch64-fslc-linux/gcc/aarch64-fslc-linux/11.4.0]
  collapse library dir [/media/tru-cpu-24/500_GB/APIs/KRIK_SDKv2.8/out/sysroots/armv8a-fslc-linux/lib] ==> [/media/tru-cpu-24/500_GB/APIs/KRIK_SDKv2.8/out/sysroots/armv8a-fslc-linux/lib]
  collapse library dir [/media/tru-cpu-24/500_GB/APIs/KRIK_SDKv2.8/out/sysroots/armv8a-fslc-linux/usr/lib/aarch64-fslc-linux/11.4.0] ==> [/media/tru-cpu-24/500_GB/APIs/KRIK_SDKv2.8/out/sysroots/armv8a-fslc-linux/usr/lib/aarch64-fslc-linux/11.4.0]
  collapse library dir [/media/tru-cpu-24/500_GB/APIs/KRIK_SDKv2.8/out/sysroots/armv8a-fslc-linux/usr/lib] ==> [/media/tru-cpu-24/500_GB/APIs/KRIK_SDKv2.8/out/sysroots/armv8a-fslc-linux/usr/lib]
  implicit libs: [stdc++;m;gcc_s;gcc;c;gcc_s;gcc]
  implicit objs: [/media/tru-cpu-24/500_GB/APIs/KRIK_SDKv2.8/out/sysroots/armv8a-fslc-linux/usr/lib/Scrt1.o;/media/tru-cpu-24/500_GB/APIs/KRIK_SDKv2.8/out/sysroots/armv8a-fslc-linux/usr/lib/crti.o;/media/tru-cpu-24/500_GB/APIs/KRIK_SDKv2.8/out/sysroots/armv8a-fslc-linux/usr/lib/aarch64-fslc-linux/11.4.0/crtbeginS.o;/media/tru-cpu-24/500_GB/APIs/KRIK_SDKv2.8/out/sysroots/armv8a-fslc-linux/usr/lib/aarch64-fslc-linux/11.4.0/crtendS.o;/media/tru-cpu-24/500_GB/APIs/KRIK_SDKv2.8/out/sysroots/armv8a-fslc-linux/usr/lib/crtn.o]
  implicit dirs: [/media/tru-cpu-24/500_GB/APIs/KRIK_SDKv2.8/out/sysroots/x86_64-fslcsdk-linux/usr/lib/aarch64-fslc-linux/gcc/aarch64-fslc-linux/11.4.0;/media/tru-cpu-24/500_GB/APIs/KRIK_SDKv2.8/out/sysroots/armv8a-fslc-linux/lib;/media/tru-cpu-24/500_GB/APIs/KRIK_SDKv2.8/out/sysroots/armv8a-fslc-linux/usr/lib/aarch64-fslc-linux/11.4.0;/media/tru-cpu-24/500_GB/APIs/KRIK_SDKv2.8/out/sysroots/armv8a-fslc-linux/usr/lib]
  implicit fwks: []


